[2022-06-21 12:43:18,793] {taskinstance.py:1037} INFO - Dependencies all met for <TaskInstance: todoist_load_to_pg.task_api_active_tasks manual__2022-06-21T12:43:16.653201+00:00 [queued]>
[2022-06-21 12:43:18,806] {taskinstance.py:1037} INFO - Dependencies all met for <TaskInstance: todoist_load_to_pg.task_api_active_tasks manual__2022-06-21T12:43:16.653201+00:00 [queued]>
[2022-06-21 12:43:18,807] {taskinstance.py:1243} INFO - 
--------------------------------------------------------------------------------
[2022-06-21 12:43:18,807] {taskinstance.py:1244} INFO - Starting attempt 1 of 1
[2022-06-21 12:43:18,808] {taskinstance.py:1245} INFO - 
--------------------------------------------------------------------------------
[2022-06-21 12:43:18,838] {taskinstance.py:1264} INFO - Executing <Task(HttpSensor): task_api_active_tasks> on 2022-06-21 12:43:16.653201+00:00
[2022-06-21 12:43:18,843] {standard_task_runner.py:52} INFO - Started process 164 to run task
[2022-06-21 12:43:18,855] {standard_task_runner.py:76} INFO - Running: ['airflow', 'tasks', 'run', 'todoist_load_to_pg', 'task_api_active_tasks', 'manual__2022-06-21T12:43:16.653201+00:00', '--job-id', '522', '--raw', '--subdir', 'DAGS_FOLDER/todoist_load_to_pg.py', '--cfg-path', '/tmp/tmpp2yg55xa', '--error-file', '/tmp/tmpsqzl43do']
[2022-06-21 12:43:18,857] {standard_task_runner.py:77} INFO - Job 522: Subtask task_api_active_tasks
[2022-06-21 12:43:18,954] {logging_mixin.py:109} INFO - Running <TaskInstance: todoist_load_to_pg.task_api_active_tasks manual__2022-06-21T12:43:16.653201+00:00 [running]> on host bd658c040114
[2022-06-21 12:43:19,202] {taskinstance.py:1429} INFO - Exporting the following env vars:
AIRFLOW_CTX_DAG_OWNER=emil
AIRFLOW_CTX_DAG_ID=todoist_load_to_pg
AIRFLOW_CTX_TASK_ID=task_api_active_tasks
AIRFLOW_CTX_EXECUTION_DATE=2022-06-21T12:43:16.653201+00:00
AIRFLOW_CTX_DAG_RUN_ID=manual__2022-06-21T12:43:16.653201+00:00
[2022-06-21 12:43:19,203] {http.py:96} INFO - Poking: tasks
[2022-06-21 12:43:19,238] {base.py:70} INFO - Using connection to: id: todo_conn. Host: https://api.todoist.com/rest/v1, Port: None, Schema: https, Login: , Password: ***, extra: {'authorization': '***'}
[2022-06-21 12:43:19,246] {http.py:129} INFO - Sending 'GET' to url: https://api.todoist.com/rest/v1/tasks
[2022-06-21 12:43:19,985] {base.py:251} INFO - Success criteria met. Exiting.
[2022-06-21 12:43:20,002] {taskinstance.py:1272} INFO - Marking task as SUCCESS. dag_id=todoist_load_to_pg, task_id=task_api_active_tasks, execution_date=20220621T124316, start_date=20220621T124318, end_date=20220621T124320
[2022-06-21 12:43:20,092] {local_task_job.py:154} INFO - Task exited with return code 0
[2022-06-21 12:43:20,200] {local_task_job.py:264} INFO - 1 downstream tasks scheduled from follow-on schedule check
