[2022-06-02 09:13:26,516] {taskinstance.py:1037} INFO - Dependencies all met for <TaskInstance: todoist_load_to_pg.run_this_first scheduled__2022-06-01T00:00:00+00:00 [queued]>
[2022-06-02 09:13:26,549] {taskinstance.py:1037} INFO - Dependencies all met for <TaskInstance: todoist_load_to_pg.run_this_first scheduled__2022-06-01T00:00:00+00:00 [queued]>
[2022-06-02 09:13:26,551] {taskinstance.py:1243} INFO - 
--------------------------------------------------------------------------------
[2022-06-02 09:13:26,552] {taskinstance.py:1244} INFO - Starting attempt 1 of 1
[2022-06-02 09:13:26,553] {taskinstance.py:1245} INFO - 
--------------------------------------------------------------------------------
[2022-06-02 09:13:26,588] {taskinstance.py:1264} INFO - Executing <Task(PythonOperator): run_this_first> on 2022-06-01 00:00:00+00:00
[2022-06-02 09:13:26,595] {standard_task_runner.py:52} INFO - Started process 74 to run task
[2022-06-02 09:13:26,608] {standard_task_runner.py:76} INFO - Running: ['airflow', 'tasks', 'run', 'todoist_load_to_pg', 'run_this_first', 'scheduled__2022-06-01T00:00:00+00:00', '--job-id', '399', '--raw', '--subdir', 'DAGS_FOLDER/todoist_load_to_pg.py', '--cfg-path', '/tmp/tmp0ls_jwws', '--error-file', '/tmp/tmp1q2oesje']
[2022-06-02 09:13:26,609] {standard_task_runner.py:77} INFO - Job 399: Subtask run_this_first
[2022-06-02 09:13:26,713] {logging_mixin.py:109} INFO - Running <TaskInstance: todoist_load_to_pg.run_this_first scheduled__2022-06-01T00:00:00+00:00 [running]> on host bd658c040114
[2022-06-02 09:13:26,800] {taskinstance.py:1429} INFO - Exporting the following env vars:
AIRFLOW_CTX_DAG_OWNER=emil
AIRFLOW_CTX_DAG_ID=todoist_load_to_pg
AIRFLOW_CTX_TASK_ID=run_this_first
AIRFLOW_CTX_EXECUTION_DATE=2022-06-01T00:00:00+00:00
AIRFLOW_CTX_DAG_RUN_ID=scheduled__2022-06-01T00:00:00+00:00
[2022-06-02 09:13:27,803] {python.py:175} INFO - Done. Returned value was: None
[2022-06-02 09:13:27,818] {taskinstance.py:1272} INFO - Marking task as SUCCESS. dag_id=todoist_load_to_pg, task_id=run_this_first, execution_date=20220601T000000, start_date=20220602T091326, end_date=20220602T091327
[2022-06-02 09:13:27,871] {local_task_job.py:154} INFO - Task exited with return code 0
[2022-06-02 09:13:27,919] {local_task_job.py:264} INFO - 0 downstream tasks scheduled from follow-on schedule check
