[2022-06-21 10:46:44,756] {taskinstance.py:1037} INFO - Dependencies all met for <TaskInstance: todoist_load_to_pg.task_api_active scheduled__2022-06-07T00:00:00+00:00 [queued]>
[2022-06-21 10:46:44,784] {taskinstance.py:1037} INFO - Dependencies all met for <TaskInstance: todoist_load_to_pg.task_api_active scheduled__2022-06-07T00:00:00+00:00 [queued]>
[2022-06-21 10:46:44,785] {taskinstance.py:1243} INFO - 
--------------------------------------------------------------------------------
[2022-06-21 10:46:44,786] {taskinstance.py:1244} INFO - Starting attempt 1 of 1
[2022-06-21 10:46:44,786] {taskinstance.py:1245} INFO - 
--------------------------------------------------------------------------------
[2022-06-21 10:46:44,808] {taskinstance.py:1264} INFO - Executing <Task(HttpSensor): task_api_active> on 2022-06-07 00:00:00+00:00
[2022-06-21 10:46:44,814] {standard_task_runner.py:52} INFO - Started process 76 to run task
[2022-06-21 10:46:44,823] {standard_task_runner.py:76} INFO - Running: ['airflow', 'tasks', 'run', 'todoist_load_to_pg', 'task_api_active', 'scheduled__2022-06-07T00:00:00+00:00', '--job-id', '478', '--raw', '--subdir', 'DAGS_FOLDER/todoist_load_to_pg.py', '--cfg-path', '/tmp/tmptgul41gk', '--error-file', '/tmp/tmpehev58xn']
[2022-06-21 10:46:44,824] {standard_task_runner.py:77} INFO - Job 478: Subtask task_api_active
[2022-06-21 10:46:44,919] {logging_mixin.py:109} INFO - Running <TaskInstance: todoist_load_to_pg.task_api_active scheduled__2022-06-07T00:00:00+00:00 [running]> on host bd658c040114
[2022-06-21 10:46:45,156] {taskinstance.py:1429} INFO - Exporting the following env vars:
AIRFLOW_CTX_DAG_OWNER=emil
AIRFLOW_CTX_DAG_ID=todoist_load_to_pg
AIRFLOW_CTX_TASK_ID=task_api_active
AIRFLOW_CTX_EXECUTION_DATE=2022-06-07T00:00:00+00:00
AIRFLOW_CTX_DAG_RUN_ID=scheduled__2022-06-07T00:00:00+00:00
[2022-06-21 10:46:45,158] {http.py:96} INFO - Poking: /projects
[2022-06-21 10:46:45,183] {base.py:70} INFO - Using connection to: id: todo_conn. Host: https://api.todoist.com/rest/v1, Port: None, Schema: https, Login: , Password: ***, extra: {'authorization': '***'}
[2022-06-21 10:46:45,187] {http.py:129} INFO - Sending 'GET' to url: https://api.todoist.com/rest/v1/projects
[2022-06-21 10:46:45,838] {base.py:251} INFO - Success criteria met. Exiting.
[2022-06-21 10:46:45,861] {taskinstance.py:1272} INFO - Marking task as SUCCESS. dag_id=todoist_load_to_pg, task_id=task_api_active, execution_date=20220607T000000, start_date=20220621T104644, end_date=20220621T104645
[2022-06-21 10:46:45,927] {local_task_job.py:154} INFO - Task exited with return code 0
[2022-06-21 10:46:46,013] {local_task_job.py:264} INFO - 1 downstream tasks scheduled from follow-on schedule check
