[2022-06-21 12:22:32,668] {taskinstance.py:1037} INFO - Dependencies all met for <TaskInstance: todoist_load_to_pg.task_api_active manual__2022-06-21T12:22:30.735842+00:00 [queued]>
[2022-06-21 12:22:32,681] {taskinstance.py:1037} INFO - Dependencies all met for <TaskInstance: todoist_load_to_pg.task_api_active manual__2022-06-21T12:22:30.735842+00:00 [queued]>
[2022-06-21 12:22:32,682] {taskinstance.py:1243} INFO - 
--------------------------------------------------------------------------------
[2022-06-21 12:22:32,683] {taskinstance.py:1244} INFO - Starting attempt 1 of 1
[2022-06-21 12:22:32,684] {taskinstance.py:1245} INFO - 
--------------------------------------------------------------------------------
[2022-06-21 12:22:32,703] {taskinstance.py:1264} INFO - Executing <Task(HttpSensor): task_api_active> on 2022-06-21 12:22:30.735842+00:00
[2022-06-21 12:22:32,709] {standard_task_runner.py:52} INFO - Started process 140 to run task
[2022-06-21 12:22:32,715] {standard_task_runner.py:76} INFO - Running: ['airflow', 'tasks', 'run', 'todoist_load_to_pg', 'task_api_active', 'manual__2022-06-21T12:22:30.735842+00:00', '--job-id', '510', '--raw', '--subdir', 'DAGS_FOLDER/todoist_load_to_pg.py', '--cfg-path', '/tmp/tmpo60c3q72', '--error-file', '/tmp/tmptd6xet_a']
[2022-06-21 12:22:32,717] {standard_task_runner.py:77} INFO - Job 510: Subtask task_api_active
[2022-06-21 12:22:32,791] {logging_mixin.py:109} INFO - Running <TaskInstance: todoist_load_to_pg.task_api_active manual__2022-06-21T12:22:30.735842+00:00 [running]> on host bd658c040114
[2022-06-21 12:22:32,856] {taskinstance.py:1429} INFO - Exporting the following env vars:
AIRFLOW_CTX_DAG_OWNER=emil
AIRFLOW_CTX_DAG_ID=todoist_load_to_pg
AIRFLOW_CTX_TASK_ID=task_api_active
AIRFLOW_CTX_EXECUTION_DATE=2022-06-21T12:22:30.735842+00:00
AIRFLOW_CTX_DAG_RUN_ID=manual__2022-06-21T12:22:30.735842+00:00
[2022-06-21 12:22:32,857] {http.py:96} INFO - Poking: /projects
[2022-06-21 12:22:32,871] {base.py:70} INFO - Using connection to: id: todo_conn. Host: https://api.todoist.com/rest/v1, Port: None, Schema: https, Login: , Password: ***, extra: {'authorization': '***'}
[2022-06-21 12:22:32,875] {http.py:129} INFO - Sending 'GET' to url: https://api.todoist.com/rest/v1/projects
[2022-06-21 12:22:33,205] {base.py:251} INFO - Success criteria met. Exiting.
[2022-06-21 12:22:33,221] {taskinstance.py:1272} INFO - Marking task as SUCCESS. dag_id=todoist_load_to_pg, task_id=task_api_active, execution_date=20220621T122230, start_date=20220621T122232, end_date=20220621T122233
[2022-06-21 12:22:33,260] {local_task_job.py:154} INFO - Task exited with return code 0
[2022-06-21 12:22:33,310] {local_task_job.py:264} INFO - 1 downstream tasks scheduled from follow-on schedule check
