[2022-06-21 12:55:38,927] {taskinstance.py:1037} INFO - Dependencies all met for <TaskInstance: todoist_load_to_pg.json_to_df_tasks manual__2022-06-21T12:55:30.223093+00:00 [queued]>
[2022-06-21 12:55:38,939] {taskinstance.py:1037} INFO - Dependencies all met for <TaskInstance: todoist_load_to_pg.json_to_df_tasks manual__2022-06-21T12:55:30.223093+00:00 [queued]>
[2022-06-21 12:55:38,940] {taskinstance.py:1243} INFO - 
--------------------------------------------------------------------------------
[2022-06-21 12:55:38,941] {taskinstance.py:1244} INFO - Starting attempt 1 of 1
[2022-06-21 12:55:38,942] {taskinstance.py:1245} INFO - 
--------------------------------------------------------------------------------
[2022-06-21 12:55:38,959] {taskinstance.py:1264} INFO - Executing <Task(PythonOperator): json_to_df_tasks> on 2022-06-21 12:55:30.223093+00:00
[2022-06-21 12:55:38,967] {standard_task_runner.py:52} INFO - Started process 267 to run task
[2022-06-21 12:55:38,979] {standard_task_runner.py:76} INFO - Running: ['airflow', 'tasks', 'run', 'todoist_load_to_pg', 'json_to_df_tasks', 'manual__2022-06-21T12:55:30.223093+00:00', '--job-id', '573', '--raw', '--subdir', 'DAGS_FOLDER/todoist_load_to_pg.py', '--cfg-path', '/tmp/tmp7tyq3umk', '--error-file', '/tmp/tmpdsciwn5c']
[2022-06-21 12:55:38,981] {standard_task_runner.py:77} INFO - Job 573: Subtask json_to_df_tasks
[2022-06-21 12:55:39,104] {logging_mixin.py:109} INFO - Running <TaskInstance: todoist_load_to_pg.json_to_df_tasks manual__2022-06-21T12:55:30.223093+00:00 [running]> on host bd658c040114
[2022-06-21 12:55:39,324] {taskinstance.py:1429} INFO - Exporting the following env vars:
AIRFLOW_CTX_DAG_OWNER=emil
AIRFLOW_CTX_DAG_ID=todoist_load_to_pg
AIRFLOW_CTX_TASK_ID=json_to_df_tasks
AIRFLOW_CTX_EXECUTION_DATE=2022-06-21T12:55:30.223093+00:00
AIRFLOW_CTX_DAG_RUN_ID=manual__2022-06-21T12:55:30.223093+00:00
[2022-06-21 12:55:39,483] {todoist_load_to_pg.py:57} INFO -             id  assigner  project_id  section_id  order  \
0   5232392966         0  2275777802    64907921      3   
1   5232417005         0  2275765087    81773819      1   
2   5232417588         0  2275765087    81773819      1   
3   5235515684         0  2276173208           0      3   
4   5241699227         0  2276173208           0      1   
5   5245106126         0  2275777802    81774593      1   
6   5245106949         0  2275777802    81774593      1   
7   5246816881         0  2276173208           0      2   
8   5249132277         0  2276173208    81776343     -1   
9   5249215567         0  2275765087    86339079      2   
10  5254184539         0  2275765087    81773848      3   
11  5254516036         0  2275765087    81773848      4   
12  5254941258         0  2276173208    81776343      2   
13  5254941956         0  2276173208    81776343      4   
14  5256322645         0  2275777802    64907921      2   
15  5256323090         0  2275777802    64907921      1   
16  5256323224         0  2275777802    64907921      2   
17  5256363153         0  2281200101           0      1   
18  5256363667         0  2281200101           0      1   
19  5327294800         0  2276172551           0      2   
20  5327294811         0  2276172551           0      3   
21  5547741827         0  2276172551           0      1   
22  5547741989         0  2276172551           0      1   
23  5597217273         0  2276173208           0      1   
24  5597218664         0  2276173208    81776343      5   
25  5604949170         0  2275765087    86339079      1   
26  5623015315         0  2275765087    81773848      2   
27  5645686336         0  2275765259    64821074      2   
28  5646073834         0  2275777802    81774515      0   
29  5646073994         0  2275777802    81774515      1   
30  5646080195         0  2275777802    64907921      4   
31  5708070323         0  2286290517    81776082      2   
32  5708071056         0  2286290517    81776082      1   
33  5725459615         0  2266102370    81771478     -2   
34  5739818460         0  2266102370    81771478     -1   
35  5751035089         0  2266102370    81771478      5   
36  5752929703         0  2286290517    81776082      1   
37  5759898835         0  2275765259    64821074      3   
38  5759932208         0  2276173208    81776343      1   
39  5767481880         0  2276173208           0      4   
40  5772717386         0  2266102370    81771478     -2   
41  5772718129         0  2266102370    81771478      2   
42  5774389598         0  2286290517    81776082      1   
43  5774405268         0  2286290517    81776082      2   
44  5792795491         0  2266102370    87562692      2   
45  5792796192         0  2266102370    87562692      3   
46  5792801353         0  2266102370    87562692      5   
47  5839496860         0  2275777802    81774515      2   
48  5868607993         0  2266102370    87562692     -1   
49  5878662236         0  2281199547    81772874      1   
50  5878662629         0  2281199547    81772874      2   
51  5878662812         0  2281199547    81772874      3   
52  5879470567         0  2281199547    81772874      4   
53  5879471200         0  2281199547    81772874      1   
54  5879471507         0  2281199547    81772874      2   
55  5879471858         0  2281199547    81772874      3   
56  5879472082         0  2281199547    81772874      4   
57  5879472092         0  2281199547    81772874      5   
58  5879478996         0  2281199547    81772874      6   
59  5879481388         0  2281199547    81772874      7   
60  5879481692         0  2281199547    81772874      1   
61  5879481812         0  2281199547    81772874      2   
62  5879482097         0  2281199547    81772874      3   
63  5879522058         0  2281199547    81772874      1   
64  5879523265         0  2281199547    81772874      2   
65  5879524659         0  2281199547    81772874      1   
66  5879532183         0  2281199547    81772874      3   
67  5879602136         0  2281199547    81772874      4   
68  5883067554         0  2281199547    81772874      1   
69  5887669635         0  2266102370    87562499      1   
70  5887756094         0  2266102370           0      1   
71  5887756885         0  2266102370           0      1   
72  5887757813         0  2266102370           0      2   
73  5887759647         0  2266102370           0      3   
74  5896613358         0  2266102370    87562692      1   
75  5896704628         0  2266102370           0      4   
76  5896713653         0  2266102370    81771478     -3   
77  5896714103         0  2266102370    81771478      1   
78  5897023762         0  2266102370    81771478      2   
79  5897024550         0  2266102370    81771478      1   
80  5897025394         0  2266102370    81771478      2   
81  5897042233         0  2266102370    81771478      3   
82  5897046098         0  2266102370    81771478      4   
83  5897055801         0  2266102370    81771478      5   
84  5899541864         0  2266102370    81771478     -3   
85  5909363826         0  2266101084           0      1   
86  5916801391         0  2266101084           0      2   
87  5923353409         0  2266101084           0      3   
88  5923354558         0  2266101084           0      4   
89  5923355186         0  2266101084           0      5   
90  5936723288         0  2276172551           0      4   

                                                                      content  \
0                                                    уход, брови, борода и тд   
1                                                              Получить права   
2                                                              Расписать план   
3                                                               Звонить домой   
4                                                             Езжу в Мосальск   
5                                                                Сделать тату   
6                                                             Придумать эскиз   
7                                                    Перечислять домой 15 т.р   
8                                                            Фриланс для мамы   
9                                                         Убраться на балконе   
10                                                               Ускорить мак   
11                                   Разобраться с памятью на устройствах Mac   
12                                                                  Страничка   
13                                                                    Реклама   
14                                                             Почистить лицо   
15                                                                   Умывание   
16                                                                       Мази   
17                                                Завести множество знакомств   
18                                            Завтракать на работе с ребятами   
19                                                  Заносить ежедневн расходв   
20                                                       Планирование бюджета   
21                                                               Купить акции   
22                                                                   Сбербанк   
23                                                    Узнать как с обработкой   
24                                      Подготовить партию фото для обработки   
25                                                                     Уборка   
26                                                                 Ssd на Mac   
27                                                      Месячное планирование   
28                                                        Полное обследование   
29                                                                       Зубы   
30                                               Собрать луки (купить одежду)   
31                                                       Резюме на английском   
32                                     Найти хороший шаблон и написать скелет   
33                                             Кастомный плагин для Суперсета   
34                                                           Авантаж суперсет   
35                                                     Датчики с name == null   
36                                                  Записаться на курс skyeng   
37                                                     Недельное планирование   
38                                                    Смотивировать на работу   
39                                                         Чат для всей семьи   
40                                                                      Карта   
41                                                             Переходы линки   
42                                              Промокод на разговорные клубы   
43                                                                    STAYB2B   
44                                                               Написать даг   
45                                                         Запушить на сервер   
46                                                Оптимизация Дага и скриптов   
47                                                                        Лор   
48                                                             Глубина данных   
49                                                            Настройка звука   
50                                                              Накидать идеи   
51                                                             Записать пилот   
52                                                                 Оформление   
53                                                     Лоу фай треки на паузу   
54                                                              Трек на интро   
55                                                                    Логотип   
56                                                                   Название   
57                                                                      Стиль   
58                     Расположение в кадре, продумать чтобы выглядело хорошо   
59                                                                      Видео   
60                                                                  Тайм коды   
61                                                                     Ссылки   
62                                                            Описание и инфа   
63   Тема 1 или 2 общие и под них много тезисов для разгона если будет провис   
64   Ещё вариант как в подкасте о философии, лектор вещает а другие вкидывают   
65                                                           Люди мало думают   
66                     Базар за жизнь, но для этого хорошо бы бэкграунд знать   
67                                         Книжный клуб, с дерьмовыми книгами   
68                                                Греческие статуи и граффити   
69                                                     DE обучение, См ноушен   
70                                                            Вопросы к амине   
71                                       Что вообще происходит в новом отделе   
72                                         Не будет проекта на котором она ПМ   
73  Напомнить что я не планировал заниматься визуализацией, поэтому и остался   
74                                                   Медленная вьюха сенсоров   
75                                                            Обсудить письмо   
76                                                             Форк суперсета   
77                                                     Разворачивать в кубере   
78                                                       Внесённые правки iot   
79                                                                Логирование   
80                                                      Бесшовная авторизация   
81                                                                     Алерты   
82                                                            Выгрузка эксель   
83                         Накатывают пропатченные файлы поверх общего образа   
84                                               Проверка корректности данных   
85                                  Почитать/разобраться в философских школах   
86                 Попробовать создать свод принципов от глобальных к частным   
87                                                          Перебрать заметки   
88                                                  Расширить словарный запас   
89                                            Гуглить новые термины (Заметки)   
90                                        Вывести доллары с брокерского счета   

            description  completed     label_ids  priority  comment_count  \
0                            False            []         1              0   
1                            False            []         1              0   
2                            False            []         1              0   
3                            False            []         1              0   
4                            False            []         1              0   
5                            False            []         1              0   
6                            False            []         1              0   
7                            False            []         1              0   
8                            False            []         1              0   
9                            False            []         1              0   
10                           False            []         1              0   
11                           False            []         1              0   
12                           False            []         1              0   
13                           False            []         1              0   
14                           False            []         1              0   
15                           False            []         1              0   
16                           False            []         1              0   
17                           False            []         1              0   
18                           False            []         1              0   
19                           False            []         1              0   
20                           False            []         1              0   
21                           False            []         1              0   
22                           False            []         1              0   
23                           False            []         1              0   
24                           False            []         1              0   
25                           False            []         1              0   
26                           False            []         1              0   
27                           False            []         1              0   
28                           False            []         1              0   
29                           False            []         1              0   
30                           False            []         1              0   
31                           False            []         1              0   
32                           False            []         1              0   
33                           False            []         1              0   
34                           False            []         1              0   
35                           False            []         1              0   
36                           False            []         1              0   
37                           False            []         1              0   
38                           False            []         1              0   
39                           False            []         1              0   
40                           False            []         1              0   
41                           False            []         1              0   
42              SBT21RK      False            []         1              0   
43                           False            []         1              0   
44                           False            []         1              0   
45                           False            []         1              0   
46                           False            []         1              0   
47                           False            []         1              0   
48                           False            []         1              0   
49                           False            []         1              0   
50                           False            []         1              0   
51                           False            []         1              0   
52                           False            []         1              0   
53                           False            []         1              0   
54                           False            []         1              0   
55                           False            []         1              0   
56                           False            []         1              0   
57                           False            []         1              0   
58  Люди, стол, обьекты      False            []         1              0   
59                           False            []         1              0   
60                           False            []         1              0   
61                           False            []         1              0   
62                           False            []         1              0   
63                           False            []         1              0   
64                           False            []         1              0   
65                           False            []         1              0   
66                           False            []         1              0   
67                           False            []         1              0   
68                           False            []         1              0   
69                           False            []         1              0   
70                           False            []         1              0   
71                           False            []         1              0   
72                           False            []         1              0   
73                           False            []         1              0   
74                           False            []         1              0   
75                           False            []         1              0   
76                           False  [2160016368]         1              0   
77                           False            []         1              0   
78                           False            []         1              0   
79   Конфиг + исходники      False            []         1              0   
80               Конфиг      False            []         1              0   
81                    ?      False            []         1              0   
82            Исходники      False            []         1              0   
83                           False            []         1              0   
84                           False            []         1              0   
85                           False            []         1              0   
86                           False            []         1              0   
87                           False            []         1              0   
88                           False            []         1              0   
89                           False            []         1              0   
90                           False            []         1              0   

     creator                      created  \
0   34031584  2021-10-11T17:15:27.547821Z   
1   34031584  2021-10-11T17:23:23.851613Z   
2   34031584  2021-10-11T17:23:35.615590Z   
3   34031584  2021-10-12T16:35:47.829039Z   
4   34031584  2021-10-14T15:11:53.016748Z   
5   34031584  2021-10-15T17:33:27.021929Z   
6   34031584  2021-10-15T17:33:47.522586Z   
7   34031584  2021-10-16T14:32:00.711396Z   
8   34031584  2021-10-17T19:26:24.595547Z   
9   34031584  2021-10-17T20:08:05.350027Z   
10  34031584  2021-10-19T08:11:40.855875Z   
11  34031584  2021-10-19T10:23:53.704916Z   
12  34031584  2021-10-19T12:50:05.778919Z   
13  34031584  2021-10-19T12:50:19.645799Z   
14  34031584  2021-10-19T20:30:31.391483Z   
15  34031584  2021-10-19T20:30:43.713550Z   
16  34031584  2021-10-19T20:30:47.745388Z   
17  34031584  2021-10-19T20:48:19.939217Z   
18  34031584  2021-10-19T20:48:33.821440Z   
19  34031584  2021-11-13T18:53:28.603491Z   
20  34031584  2021-11-13T18:53:28.949517Z   
21  34031584  2022-01-30T09:45:01.302271Z   
22  34031584  2022-01-30T09:45:10.615492Z   
23  34031584  2022-02-15T09:24:13.999561Z   
24  34031584  2022-02-15T09:24:47.668047Z   
25  34031584  2022-02-17T11:51:07.071071Z   
26  34031584  2022-02-23T15:13:18.439430Z   
27  34031584  2022-03-03T16:02:16.036765Z   
28  34031584  2022-03-03T18:18:13.595714Z   
29  34031584  2022-03-03T18:18:18.030339Z   
30  34031584  2022-03-03T18:20:23.764499Z   
31  34031584  2022-03-25T18:58:16.706478Z   
32  34031584  2022-03-25T18:58:33.779646Z   
33  34031584  2022-03-31T14:41:13.351398Z   
34  34031584  2022-04-05T17:17:28.358303Z   
35  34031584  2022-04-09T15:45:18.625340Z   
36  34031584  2022-04-10T16:39:02.155002Z   
37  34031584  2022-04-12T19:15:25.559215Z   
38  34031584  2022-04-12T19:28:53.472340Z   
39  34031584  2022-04-15T12:04:18.866235Z   
40  34031584  2022-04-18T08:24:26.570175Z   
41  34031584  2022-04-18T08:24:43.936940Z   
42  34031584  2022-04-18T19:23:09.929715Z   
43  34031584  2022-04-18T19:29:24.790161Z   
44  34031584  2022-04-25T13:47:19.784531Z   
45  34031584  2022-04-25T13:47:29.608456Z   
46  34031584  2022-04-25T13:48:51.501505Z   
47  34031584  2022-05-12T07:20:15.875803Z   
48  34031584  2022-05-23T08:32:46.803662Z   
49  34031584  2022-05-26T13:21:55.532397Z   
50  34031584  2022-05-26T13:22:04.818810Z   
51  34031584  2022-05-26T13:22:09.260926Z   
52  34031584  2022-05-26T18:41:22.062786Z   
53  34031584  2022-05-26T18:41:39.589860Z   
54  34031584  2022-05-26T18:41:48.666870Z   
55  34031584  2022-05-26T18:42:00.679781Z   
56  34031584  2022-05-26T18:42:06.535625Z   
57  34031584  2022-05-26T18:42:06.713378Z   
58  34031584  2022-05-26T18:45:07.753281Z   
59  34031584  2022-05-26T18:46:23.190596Z   
60  34031584  2022-05-26T18:46:32.203746Z   
61  34031584  2022-05-26T18:46:35.836127Z   
62  34031584  2022-05-26T18:46:44.238632Z   
63  34031584  2022-05-26T19:04:49.402034Z   
64  34031584  2022-05-26T19:05:21.884185Z   
65  34031584  2022-05-26T19:06:03.235464Z   
66  34031584  2022-05-26T19:09:05.065200Z   
67  34031584  2022-05-26T19:41:49.160066Z   
68  34031584  2022-05-28T07:56:04.963611Z   
69  34031584  2022-05-30T12:18:38.529152Z   
70  34031584  2022-05-30T12:48:55.173259Z   
71  34031584  2022-05-30T12:49:11.406927Z   
72  34031584  2022-05-30T12:49:27.945869Z   
73  34031584  2022-05-30T12:50:01.065829Z   
74  34031584  2022-06-02T08:59:48.334291Z   
75  34031584  2022-06-02T09:39:41.802175Z   
76  34031584  2022-06-02T09:43:44.104959Z   
77  34031584  2022-06-02T09:43:58.237230Z   
78  34031584  2022-06-02T11:59:13.934576Z   
79  34031584  2022-06-02T11:59:34.966324Z   
80  34031584  2022-06-02T11:59:55.864928Z   
81  34031584  2022-06-02T12:07:11.568737Z   
82  34031584  2022-06-02T12:08:25.587844Z   
83  34031584  2022-06-02T12:12:25.075614Z   
84  34031584  2022-06-03T09:07:39.784868Z   
85  34031584  2022-06-07T10:27:45.162937Z   
86  34031584  2022-06-09T18:09:25.845773Z   
87  34031584  2022-06-12T20:02:58.249054Z   
88  34031584  2022-06-12T20:03:35.338274Z   
89  34031584  2022-06-12T20:03:57.277281Z   
90  34031584  2022-06-17T11:24:00.240920Z   

                                           url    due.date  \
0   https://todoist.com/showTask?id=5232392966  2022-06-18   
1   https://todoist.com/showTask?id=5232417005         NaN   
2   https://todoist.com/showTask?id=5232417588         NaN   
3   https://todoist.com/showTask?id=5235515684  2022-06-17   
4   https://todoist.com/showTask?id=5241699227  2022-06-21   
5   https://todoist.com/showTask?id=5245106126         NaN   
6   https://todoist.com/showTask?id=5245106949         NaN   
7   https://todoist.com/showTask?id=5246816881  2022-06-24   
8   https://todoist.com/showTask?id=5249132277  2022-07-01   
9   https://todoist.com/showTask?id=5249215567         NaN   
10  https://todoist.com/showTask?id=5254184539         NaN   
11  https://todoist.com/showTask?id=5254516036         NaN   
12  https://todoist.com/showTask?id=5254941258         NaN   
13  https://todoist.com/showTask?id=5254941956         NaN   
14  https://todoist.com/showTask?id=5256322645         NaN   
15  https://todoist.com/showTask?id=5256323090         NaN   
16  https://todoist.com/showTask?id=5256323224         NaN   
17  https://todoist.com/showTask?id=5256363153         NaN   
18  https://todoist.com/showTask?id=5256363667         NaN   
19  https://todoist.com/showTask?id=5327294800         NaN   
20  https://todoist.com/showTask?id=5327294811  2022-06-25   
21  https://todoist.com/showTask?id=5547741827         NaN   
22  https://todoist.com/showTask?id=5547741989         NaN   
23  https://todoist.com/showTask?id=5597217273         NaN   
24  https://todoist.com/showTask?id=5597218664         NaN   
25  https://todoist.com/showTask?id=5604949170  2022-06-18   
26  https://todoist.com/showTask?id=5623015315         NaN   
27  https://todoist.com/showTask?id=5645686336  2022-07-31   
28  https://todoist.com/showTask?id=5646073834         NaN   
29  https://todoist.com/showTask?id=5646073994         NaN   
30  https://todoist.com/showTask?id=5646080195         NaN   
31  https://todoist.com/showTask?id=5708070323         NaN   
32  https://todoist.com/showTask?id=5708071056         NaN   
33  https://todoist.com/showTask?id=5725459615  2022-06-20   
34  https://todoist.com/showTask?id=5739818460         NaN   
35  https://todoist.com/showTask?id=5751035089         NaN   
36  https://todoist.com/showTask?id=5752929703         NaN   
37  https://todoist.com/showTask?id=5759898835         NaN   
38  https://todoist.com/showTask?id=5759932208         NaN   
39  https://todoist.com/showTask?id=5767481880         NaN   
40  https://todoist.com/showTask?id=5772717386         NaN   
41  https://todoist.com/showTask?id=5772718129         NaN   
42  https://todoist.com/showTask?id=5774389598         NaN   
43  https://todoist.com/showTask?id=5774405268         NaN   
44  https://todoist.com/showTask?id=5792795491         NaN   
45  https://todoist.com/showTask?id=5792796192         NaN   
46  https://todoist.com/showTask?id=5792801353         NaN   
47  https://todoist.com/showTask?id=5839496860  2022-07-08   
48  https://todoist.com/showTask?id=5868607993         NaN   
49  https://todoist.com/showTask?id=5878662236         NaN   
50  https://todoist.com/showTask?id=5878662629         NaN   
51  https://todoist.com/showTask?id=5878662812         NaN   
52  https://todoist.com/showTask?id=5879470567         NaN   
53  https://todoist.com/showTask?id=5879471200         NaN   
54  https://todoist.com/showTask?id=5879471507         NaN   
55  https://todoist.com/showTask?id=5879471858         NaN   
56  https://todoist.com/showTask?id=5879472082         NaN   
57  https://todoist.com/showTask?id=5879472092         NaN   
58  https://todoist.com/showTask?id=5879478996         NaN   
59  https://todoist.com/showTask?id=5879481388         NaN   
60  https://todoist.com/showTask?id=5879481692         NaN   
61  https://todoist.com/showTask?id=5879481812         NaN   
62  https://todoist.com/showTask?id=5879482097         NaN   
63  https://todoist.com/showTask?id=5879522058         NaN   
64  https://todoist.com/showTask?id=5879523265         NaN   
65  https://todoist.com/showTask?id=5879524659         NaN   
66  https://todoist.com/showTask?id=5879532183         NaN   
67  https://todoist.com/showTask?id=5879602136         NaN   
68  https://todoist.com/showTask?id=5883067554         NaN   
69  https://todoist.com/showTask?id=5887669635  2022-06-17   
70  https://todoist.com/showTask?id=5887756094         NaN   
71  https://todoist.com/showTask?id=5887756885         NaN   
72  https://todoist.com/showTask?id=5887757813         NaN   
73  https://todoist.com/showTask?id=5887759647         NaN   
74  https://todoist.com/showTask?id=5896613358         NaN   
75  https://todoist.com/showTask?id=5896704628         NaN   
76  https://todoist.com/showTask?id=5896713653         NaN   
77  https://todoist.com/showTask?id=5896714103         NaN   
78  https://todoist.com/showTask?id=5897023762         NaN   
79  https://todoist.com/showTask?id=5897024550         NaN   
80  https://todoist.com/showTask?id=5897025394         NaN   
81  https://todoist.com/showTask?id=5897042233         NaN   
82  https://todoist.com/showTask?id=5897046098         NaN   
83  https://todoist.com/showTask?id=5897055801         NaN   
84  https://todoist.com/showTask?id=5899541864         NaN   
85  https://todoist.com/showTask?id=5909363826         NaN   
86  https://todoist.com/showTask?id=5916801391         NaN   
87  https://todoist.com/showTask?id=5923353409         NaN   
88  https://todoist.com/showTask?id=5923354558         NaN   
89  https://todoist.com/showTask?id=5923355186         NaN   
90  https://todoist.com/showTask?id=5936723288  2022-06-20   

                due.string due.lang         due.datetime due.recurring  \
0   каждую субботу в 10:30       ru  2022-06-18T10:30:00          True   
1                      NaN      NaN                  NaN           NaN   
2                      NaN      NaN                  NaN           NaN   
3         каждый день в 19       ru  2022-06-17T19:00:00          True   
4          каждые 3 недели       ru                  NaN          True   
5                      NaN      NaN                  NaN           NaN   
6                      NaN      NaN                  NaN           NaN   
7                каждое 10       ru                  NaN          True   
8                   1 июля       ru                  NaN         False   
9                      NaN      NaN                  NaN           NaN   
10                     NaN      NaN                  NaN           NaN   
11                     NaN      NaN                  NaN           NaN   
12                     NaN      NaN                  NaN           NaN   
13                     NaN      NaN                  NaN           NaN   
14                     NaN      NaN                  NaN           NaN   
15                     NaN      NaN                  NaN           NaN   
16                     NaN      NaN                  NaN           NaN   
17                     NaN      NaN                  NaN           NaN   
18                     NaN      NaN                  NaN           NaN   
19                     NaN      NaN                  NaN           NaN   
20             every 10,25       en                  NaN          True   
21                     NaN      NaN                  NaN           NaN   
22                     NaN      NaN                  NaN           NaN   
23                     NaN      NaN                  NaN           NaN   
24                     NaN      NaN                  NaN           NaN   
25    каждую субботу 16:00       ru  2022-06-18T16:00:00          True   
26                     NaN      NaN                  NaN           NaN   
27     каждое последнее вс       ru                  NaN          True   
28                     NaN      NaN                  NaN           NaN   
29                     NaN      NaN                  NaN           NaN   
30                     NaN      NaN                  NaN           NaN   
31                     NaN      NaN                  NaN           NaN   
32                     NaN      NaN                  NaN           NaN   
33     каждый рабочий день       ru                  NaN          True   
34                     NaN      NaN                  NaN           NaN   
35                     NaN      NaN                  NaN           NaN   
36                     NaN      NaN                  NaN           NaN   
37                     NaN      NaN                  NaN           NaN   
38                     NaN      NaN                  NaN           NaN   
39                     NaN      NaN                  NaN           NaN   
40                     NaN      NaN                  NaN           NaN   
41                     NaN      NaN                  NaN           NaN   
42                     NaN      NaN                  NaN           NaN   
43                     NaN      NaN                  NaN           NaN   
44                     NaN      NaN                  NaN           NaN   
45                     NaN      NaN                  NaN           NaN   
46                     NaN      NaN                  NaN           NaN   
47                  8 июля       ru                  NaN         False   
48                     NaN      NaN                  NaN           NaN   
49                     NaN      NaN                  NaN           NaN   
50                     NaN      NaN                  NaN           NaN   
51                     NaN      NaN                  NaN           NaN   
52                     NaN      NaN                  NaN           NaN   
53                     NaN      NaN                  NaN           NaN   
54                     NaN      NaN                  NaN           NaN   
55                     NaN      NaN                  NaN           NaN   
56                     NaN      NaN                  NaN           NaN   
57                     NaN      NaN                  NaN           NaN   
58                     NaN      NaN                  NaN           NaN   
59                     NaN      NaN                  NaN           NaN   
60                     NaN      NaN                  NaN           NaN   
61                     NaN      NaN                  NaN           NaN   
62                     NaN      NaN                  NaN           NaN   
63                     NaN      NaN                  NaN           NaN   
64                     NaN      NaN                  NaN           NaN   
65                     NaN      NaN                  NaN           NaN   
66                     NaN      NaN                  NaN           NaN   
67                     NaN      NaN                  NaN           NaN   
68                     NaN      NaN                  NaN           NaN   
69     каждый рабочий день       ru                  NaN          True   
70                     NaN      NaN                  NaN           NaN   
71                     NaN      NaN                  NaN           NaN   
72                     NaN      NaN                  NaN           NaN   
73                     NaN      NaN                  NaN           NaN   
74                     NaN      NaN                  NaN           NaN   
75                     NaN      NaN                  NaN           NaN   
76                     NaN      NaN                  NaN           NaN   
77                     NaN      NaN                  NaN           NaN   
78                     NaN      NaN                  NaN           NaN   
79                     NaN      NaN                  NaN           NaN   
80                     NaN      NaN                  NaN           NaN   
81                     NaN      NaN                  NaN           NaN   
82                     NaN      NaN                  NaN           NaN   
83                     NaN      NaN                  NaN           NaN   
84                     NaN      NaN                  NaN           NaN   
85                     NaN      NaN                  NaN           NaN   
86                     NaN      NaN                  NaN           NaN   
87                     NaN      NaN                  NaN           NaN   
88                     NaN      NaN                  NaN           NaN   
89                     NaN      NaN                  NaN           NaN   
90                 20 июня       ru                  NaN         False   

          parent     parent_id                    dag_run  
0            NaN           NaN 2022-06-21 12:55:39.419461  
1            NaN           NaN 2022-06-21 12:55:39.419461  
2   5.232417e+09  5.232417e+09 2022-06-21 12:55:39.419461  
3            NaN           NaN 2022-06-21 12:55:39.419461  
4            NaN           NaN 2022-06-21 12:55:39.419461  
5            NaN           NaN 2022-06-21 12:55:39.419461  
6   5.245106e+09  5.245106e+09 2022-06-21 12:55:39.419461  
7            NaN           NaN 2022-06-21 12:55:39.419461  
8            NaN           NaN 2022-06-21 12:55:39.419461  
9            NaN           NaN 2022-06-21 12:55:39.419461  
10           NaN           NaN 2022-06-21 12:55:39.419461  
11           NaN           NaN 2022-06-21 12:55:39.419461  
12  5.249132e+09  5.249132e+09 2022-06-21 12:55:39.419461  
13  5.249132e+09  5.249132e+09 2022-06-21 12:55:39.419461  
14           NaN           NaN 2022-06-21 12:55:39.419461  
15  5.256323e+09  5.256323e+09 2022-06-21 12:55:39.419461  
16  5.256323e+09  5.256323e+09 2022-06-21 12:55:39.419461  
17           NaN           NaN 2022-06-21 12:55:39.419461  
18  5.256363e+09  5.256363e+09 2022-06-21 12:55:39.419461  
19           NaN           NaN 2022-06-21 12:55:39.419461  
20           NaN           NaN 2022-06-21 12:55:39.419461  
21           NaN           NaN 2022-06-21 12:55:39.419461  
22  5.547742e+09  5.547742e+09 2022-06-21 12:55:39.419461  
23  5.235516e+09  5.235516e+09 2022-06-21 12:55:39.419461  
24  5.249132e+09  5.249132e+09 2022-06-21 12:55:39.419461  
25           NaN           NaN 2022-06-21 12:55:39.419461  
26           NaN           NaN 2022-06-21 12:55:39.419461  
27           NaN           NaN 2022-06-21 12:55:39.419461  
28           NaN           NaN 2022-06-21 12:55:39.419461  
29           NaN           NaN 2022-06-21 12:55:39.419461  
30           NaN           NaN 2022-06-21 12:55:39.419461  
31           NaN           NaN 2022-06-21 12:55:39.419461  
32  5.708070e+09  5.708070e+09 2022-06-21 12:55:39.419461  
33           NaN           NaN 2022-06-21 12:55:39.419461  
34           NaN           NaN 2022-06-21 12:55:39.419461  
35  5.739818e+09  5.739818e+09 2022-06-21 12:55:39.419461  
36           NaN           NaN 2022-06-21 12:55:39.419461  
37           NaN           NaN 2022-06-21 12:55:39.419461  
38  5.249132e+09  5.249132e+09 2022-06-21 12:55:39.419461  
39           NaN           NaN 2022-06-21 12:55:39.419461  
40  5.739818e+09  5.739818e+09 2022-06-21 12:55:39.419461  
41  5.739818e+09  5.739818e+09 2022-06-21 12:55:39.419461  
42  5.752930e+09  5.752930e+09 2022-06-21 12:55:39.419461  
43  5.752930e+09  5.752930e+09 2022-06-21 12:55:39.419461  
44           NaN           NaN 2022-06-21 12:55:39.419461  
45           NaN           NaN 2022-06-21 12:55:39.419461  
46           NaN           NaN 2022-06-21 12:55:39.419461  
47           NaN           NaN 2022-06-21 12:55:39.419461  
48           NaN           NaN 2022-06-21 12:55:39.419461  
49           NaN           NaN 2022-06-21 12:55:39.419461  
50           NaN           NaN 2022-06-21 12:55:39.419461  
51           NaN           NaN 2022-06-21 12:55:39.419461  
52           NaN           NaN 2022-06-21 12:55:39.419461  
53  5.879471e+09  5.879471e+09 2022-06-21 12:55:39.419461  
54  5.879471e+09  5.879471e+09 2022-06-21 12:55:39.419461  
55  5.879471e+09  5.879471e+09 2022-06-21 12:55:39.419461  
56  5.879471e+09  5.879471e+09 2022-06-21 12:55:39.419461  
57  5.879471e+09  5.879471e+09 2022-06-21 12:55:39.419461  
58  5.879471e+09  5.879471e+09 2022-06-21 12:55:39.419461  
59  5.879471e+09  5.879471e+09 2022-06-21 12:55:39.419461  
60  5.879481e+09  5.879481e+09 2022-06-21 12:55:39.419461  
61  5.879481e+09  5.879481e+09 2022-06-21 12:55:39.419461  
62  5.879481e+09  5.879481e+09 2022-06-21 12:55:39.419461  
63  5.878663e+09  5.878663e+09 2022-06-21 12:55:39.419461  
64  5.878663e+09  5.878663e+09 2022-06-21 12:55:39.419461  
65  5.879522e+09  5.879522e+09 2022-06-21 12:55:39.419461  
66  5.878663e+09  5.878663e+09 2022-06-21 12:55:39.419461  
67  5.878663e+09  5.878663e+09 2022-06-21 12:55:39.419461  
68  5.879472e+09  5.879472e+09 2022-06-21 12:55:39.419461  
69           NaN           NaN 2022-06-21 12:55:39.419461  
70           NaN           NaN 2022-06-21 12:55:39.419461  
71  5.887756e+09  5.887756e+09 2022-06-21 12:55:39.419461  
72  5.887756e+09  5.887756e+09 2022-06-21 12:55:39.419461  
73  5.887756e+09  5.887756e+09 2022-06-21 12:55:39.419461  
74  5.792801e+09  5.792801e+09 2022-06-21 12:55:39.419461  
75  5.887756e+09  5.887756e+09 2022-06-21 12:55:39.419461  
76           NaN           NaN 2022-06-21 12:55:39.419461  
77  5.896714e+09  5.896714e+09 2022-06-21 12:55:39.419461  
78  5.896714e+09  5.896714e+09 2022-06-21 12:55:39.419461  
79  5.897024e+09  5.897024e+09 2022-06-21 12:55:39.419461  
80  5.897024e+09  5.897024e+09 2022-06-21 12:55:39.419461  
81  5.897024e+09  5.897024e+09 2022-06-21 12:55:39.419461  
82  5.897024e+09  5.897024e+09 2022-06-21 12:55:39.419461  
83  5.897024e+09  5.897024e+09 2022-06-21 12:55:39.419461  
84  5.739818e+09  5.739818e+09 2022-06-21 12:55:39.419461  
85           NaN           NaN 2022-06-21 12:55:39.419461  
86           NaN           NaN 2022-06-21 12:55:39.419461  
87           NaN           NaN 2022-06-21 12:55:39.419461  
88           NaN           NaN 2022-06-21 12:55:39.419461  
89           NaN           NaN 2022-06-21 12:55:39.419461  
90           NaN           NaN 2022-06-21 12:55:39.419461  
[2022-06-21 12:55:39,499] {base.py:70} INFO - Using connection to: id: PG_LOCAL. Host: host.docker.internal, Port: 5432, Schema: , Login: postgres, Password: ***, extra: {}
[2022-06-21 12:55:39,522] {base.py:70} INFO - Using connection to: id: PG_LOCAL. Host: host.docker.internal, Port: 5432, Schema: , Login: postgres, Password: ***, extra: {}
[2022-06-21 12:55:39,735] {python.py:175} INFO - Done. Returned value was: None
[2022-06-21 12:55:39,757] {taskinstance.py:1272} INFO - Marking task as SUCCESS. dag_id=todoist_load_to_pg, task_id=json_to_df_tasks, execution_date=20220621T125530, start_date=20220621T125538, end_date=20220621T125539
[2022-06-21 12:55:39,840] {local_task_job.py:154} INFO - Task exited with return code 0
[2022-06-21 12:55:39,894] {local_task_job.py:264} INFO - 0 downstream tasks scheduled from follow-on schedule check
