[2022-06-21 12:55:32,990] {taskinstance.py:1037} INFO - Dependencies all met for <TaskInstance: todoist_load_to_pg.task_api_active_labels manual__2022-06-21T12:55:30.223093+00:00 [queued]>
[2022-06-21 12:55:33,027] {taskinstance.py:1037} INFO - Dependencies all met for <TaskInstance: todoist_load_to_pg.task_api_active_labels manual__2022-06-21T12:55:30.223093+00:00 [queued]>
[2022-06-21 12:55:33,029] {taskinstance.py:1243} INFO - 
--------------------------------------------------------------------------------
[2022-06-21 12:55:33,030] {taskinstance.py:1244} INFO - Starting attempt 1 of 1
[2022-06-21 12:55:33,030] {taskinstance.py:1245} INFO - 
--------------------------------------------------------------------------------
[2022-06-21 12:55:33,082] {taskinstance.py:1264} INFO - Executing <Task(HttpSensor): task_api_active_labels> on 2022-06-21 12:55:30.223093+00:00
[2022-06-21 12:55:33,096] {standard_task_runner.py:52} INFO - Started process 256 to run task
[2022-06-21 12:55:33,118] {standard_task_runner.py:76} INFO - Running: ['airflow', 'tasks', 'run', 'todoist_load_to_pg', 'task_api_active_labels', 'manual__2022-06-21T12:55:30.223093+00:00', '--job-id', '568', '--raw', '--subdir', 'DAGS_FOLDER/todoist_load_to_pg.py', '--cfg-path', '/tmp/tmpo_1dr_3i', '--error-file', '/tmp/tmp46i6udq2']
[2022-06-21 12:55:33,119] {standard_task_runner.py:77} INFO - Job 568: Subtask task_api_active_labels
[2022-06-21 12:55:33,264] {logging_mixin.py:109} INFO - Running <TaskInstance: todoist_load_to_pg.task_api_active_labels manual__2022-06-21T12:55:30.223093+00:00 [running]> on host bd658c040114
[2022-06-21 12:55:33,357] {taskinstance.py:1429} INFO - Exporting the following env vars:
AIRFLOW_CTX_DAG_OWNER=emil
AIRFLOW_CTX_DAG_ID=todoist_load_to_pg
AIRFLOW_CTX_TASK_ID=task_api_active_labels
AIRFLOW_CTX_EXECUTION_DATE=2022-06-21T12:55:30.223093+00:00
AIRFLOW_CTX_DAG_RUN_ID=manual__2022-06-21T12:55:30.223093+00:00
[2022-06-21 12:55:33,358] {http.py:96} INFO - Poking: labels
[2022-06-21 12:55:33,371] {base.py:70} INFO - Using connection to: id: todo_conn. Host: https://api.todoist.com/rest/v1, Port: None, Schema: https, Login: , Password: ***, extra: {'authorization': '***'}
[2022-06-21 12:55:33,374] {http.py:129} INFO - Sending 'GET' to url: https://api.todoist.com/rest/v1/labels
[2022-06-21 12:55:34,271] {base.py:251} INFO - Success criteria met. Exiting.
[2022-06-21 12:55:34,729] {taskinstance.py:1272} INFO - Marking task as SUCCESS. dag_id=todoist_load_to_pg, task_id=task_api_active_labels, execution_date=20220621T125530, start_date=20220621T125532, end_date=20220621T125534
[2022-06-21 12:55:34,800] {local_task_job.py:154} INFO - Task exited with return code 0
[2022-06-21 12:55:34,991] {local_task_job.py:264} INFO - 1 downstream tasks scheduled from follow-on schedule check
