[2022-06-21 12:55:37,028] {taskinstance.py:1037} INFO - Dependencies all met for <TaskInstance: todoist_load_to_pg.task_get_sections manual__2022-06-21T12:55:30.223093+00:00 [queued]>
[2022-06-21 12:55:37,054] {taskinstance.py:1037} INFO - Dependencies all met for <TaskInstance: todoist_load_to_pg.task_get_sections manual__2022-06-21T12:55:30.223093+00:00 [queued]>
[2022-06-21 12:55:37,055] {taskinstance.py:1243} INFO - 
--------------------------------------------------------------------------------
[2022-06-21 12:55:37,056] {taskinstance.py:1244} INFO - Starting attempt 1 of 1
[2022-06-21 12:55:37,057] {taskinstance.py:1245} INFO - 
--------------------------------------------------------------------------------
[2022-06-21 12:55:37,081] {taskinstance.py:1264} INFO - Executing <Task(SimpleHttpOperator): task_get_sections> on 2022-06-21 12:55:30.223093+00:00
[2022-06-21 12:55:37,104] {standard_task_runner.py:52} INFO - Started process 264 to run task
[2022-06-21 12:55:37,126] {standard_task_runner.py:76} INFO - Running: ['airflow', 'tasks', 'run', 'todoist_load_to_pg', 'task_get_sections', 'manual__2022-06-21T12:55:30.223093+00:00', '--job-id', '572', '--raw', '--subdir', 'DAGS_FOLDER/todoist_load_to_pg.py', '--cfg-path', '/tmp/tmpcimcbmtx', '--error-file', '/tmp/tmpfu_nmhpl']
[2022-06-21 12:55:37,131] {standard_task_runner.py:77} INFO - Job 572: Subtask task_get_sections
[2022-06-21 12:55:37,264] {logging_mixin.py:109} INFO - Running <TaskInstance: todoist_load_to_pg.task_get_sections manual__2022-06-21T12:55:30.223093+00:00 [running]> on host bd658c040114
[2022-06-21 12:55:37,358] {taskinstance.py:1429} INFO - Exporting the following env vars:
AIRFLOW_CTX_DAG_OWNER=emil
AIRFLOW_CTX_DAG_ID=todoist_load_to_pg
AIRFLOW_CTX_TASK_ID=task_get_sections
AIRFLOW_CTX_EXECUTION_DATE=2022-06-21T12:55:30.223093+00:00
AIRFLOW_CTX_DAG_RUN_ID=manual__2022-06-21T12:55:30.223093+00:00
[2022-06-21 12:55:37,360] {http.py:104} INFO - Calling HTTP method
[2022-06-21 12:55:37,383] {base.py:70} INFO - Using connection to: id: todo_conn. Host: https://api.todoist.com/rest/v1, Port: None, Schema: https, Login: , Password: ***, extra: {'authorization': '***'}
[2022-06-21 12:55:37,385] {http.py:129} INFO - Sending 'GET' to url: https://api.todoist.com/rest/v1/sections
[2022-06-21 12:55:38,338] {http.py:108} INFO - [
	{
		"id": 81771478,
		"project_id": 2266102370,
		"order": 1,
		"name": "Iot визуал"
	},
	{
		"id": 87562692,
		"project_id": 2266102370,
		"order": 2,
		"name": "Iot data"
	},
	{
		"id": 87562499,
		"project_id": 2266102370,
		"order": 6,
		"name": "Обучение и тренировка"
	},
	{
		"id": 86338404,
		"project_id": 2266102370,
		"order": 7,
		"name": "Документирование борда"
	},
	{
		"id": 86338338,
		"project_id": 2266102370,
		"order": 8,
		"name": "Мой Мтс"
	},
	{
		"id": 86338320,
		"project_id": 2266102370,
		"order": 9,
		"name": "Скрипт"
	},
	{
		"id": 81773848,
		"project_id": 2275765087,
		"order": 4,
		"name": "Рабочее место"
	},
	{
		"id": 86339079,
		"project_id": 2275765087,
		"order": 5,
		"name": "Уборка"
	},
	{
		"id": 81773819,
		"project_id": 2275765087,
		"order": 6,
		"name": "Права"
	},
	{
		"id": 64821074,
		"project_id": 2275765259,
		"order": 1,
		"name": "Планирование"
	},
	{
		"id": 64907921,
		"project_id": 2275777802,
		"order": 1,
		"name": "Внешний вид"
	},
	{
		"id": 81774515,
		"project_id": 2275777802,
		"order": 3,
		"name": "Здоровье"
	},
	{
		"id": 81774593,
		"project_id": 2275777802,
		"order": 4,
		"name": "Tattoo"
	},
	{
		"id": 86339618,
		"project_id": 2275777802,
		"order": 5,
		"name": "Спорт"
	},
	{
		"id": 81776343,
		"project_id": 2276173208,
		"order": 3,
		"name": "Финансовая свобода маме"
	},
	{
		"id": 81772874,
		"project_id": 2281199547,
		"order": 1,
		"name": "Подкаст"
	},
	{
		"id": 81776082,
		"project_id": 2286290517,
		"order": 2,
		"name": "Английский"
	}
]

[2022-06-21 12:55:38,390] {taskinstance.py:1272} INFO - Marking task as SUCCESS. dag_id=todoist_load_to_pg, task_id=task_get_sections, execution_date=20220621T125530, start_date=20220621T125537, end_date=20220621T125538
[2022-06-21 12:55:38,477] {local_task_job.py:154} INFO - Task exited with return code 0
[2022-06-21 12:55:38,556] {local_task_job.py:264} INFO - 1 downstream tasks scheduled from follow-on schedule check
