[2022-06-07 11:16:25,968] {taskinstance.py:1037} INFO - Dependencies all met for <TaskInstance: todoist_load_to_pg.task_api_active manual__2022-06-07T11:16:24.920584+00:00 [queued]>
[2022-06-07 11:16:25,990] {taskinstance.py:1037} INFO - Dependencies all met for <TaskInstance: todoist_load_to_pg.task_api_active manual__2022-06-07T11:16:24.920584+00:00 [queued]>
[2022-06-07 11:16:25,991] {taskinstance.py:1243} INFO - 
--------------------------------------------------------------------------------
[2022-06-07 11:16:25,992] {taskinstance.py:1244} INFO - Starting attempt 1 of 1
[2022-06-07 11:16:25,993] {taskinstance.py:1245} INFO - 
--------------------------------------------------------------------------------
[2022-06-07 11:16:26,015] {taskinstance.py:1264} INFO - Executing <Task(HttpSensor): task_api_active> on 2022-06-07 11:16:24.920584+00:00
[2022-06-07 11:16:26,023] {standard_task_runner.py:52} INFO - Started process 162 to run task
[2022-06-07 11:16:26,037] {standard_task_runner.py:76} INFO - Running: ['airflow', 'tasks', 'run', 'todoist_load_to_pg', 'task_api_active', 'manual__2022-06-07T11:16:24.920584+00:00', '--job-id', '431', '--raw', '--subdir', 'DAGS_FOLDER/todoist_load_to_pg.py', '--cfg-path', '/tmp/tmppyvyyu3x', '--error-file', '/tmp/tmpev2cg867']
[2022-06-07 11:16:26,038] {standard_task_runner.py:77} INFO - Job 431: Subtask task_api_active
[2022-06-07 11:16:26,169] {logging_mixin.py:109} INFO - Running <TaskInstance: todoist_load_to_pg.task_api_active manual__2022-06-07T11:16:24.920584+00:00 [running]> on host bd658c040114
[2022-06-07 11:16:26,274] {taskinstance.py:1429} INFO - Exporting the following env vars:
AIRFLOW_CTX_DAG_OWNER=emil
AIRFLOW_CTX_DAG_ID=todoist_load_to_pg
AIRFLOW_CTX_TASK_ID=task_api_active
AIRFLOW_CTX_EXECUTION_DATE=2022-06-07T11:16:24.920584+00:00
AIRFLOW_CTX_DAG_RUN_ID=manual__2022-06-07T11:16:24.920584+00:00
[2022-06-07 11:16:26,275] {http.py:96} INFO - Poking: /projects
[2022-06-07 11:16:26,294] {base.py:70} INFO - Using connection to: id: todo_conn. Host: https://api.todoist.com/rest/v1, Port: None, Schema: https, Login: , Password: ***, extra: {'authorization': '***'}
[2022-06-07 11:16:26,298] {http.py:129} INFO - Sending 'GET' to url: https://api.todoist.com/rest/v1/projects
[2022-06-07 11:16:26,706] {base.py:251} INFO - Success criteria met. Exiting.
[2022-06-07 11:16:26,727] {taskinstance.py:1272} INFO - Marking task as SUCCESS. dag_id=todoist_load_to_pg, task_id=task_api_active, execution_date=20220607T111624, start_date=20220607T111625, end_date=20220607T111626
[2022-06-07 11:16:26,775] {local_task_job.py:154} INFO - Task exited with return code 0
[2022-06-07 11:16:26,849] {local_task_job.py:264} INFO - 0 downstream tasks scheduled from follow-on schedule check
