[2022-06-21 12:24:20,906] {taskinstance.py:1037} INFO - Dependencies all met for <TaskInstance: todoist_load_to_pg.task_api_active manual__2022-06-21T12:24:19.921530+00:00 [queued]>
[2022-06-21 12:24:20,919] {taskinstance.py:1037} INFO - Dependencies all met for <TaskInstance: todoist_load_to_pg.task_api_active manual__2022-06-21T12:24:19.921530+00:00 [queued]>
[2022-06-21 12:24:20,920] {taskinstance.py:1243} INFO - 
--------------------------------------------------------------------------------
[2022-06-21 12:24:20,921] {taskinstance.py:1244} INFO - Starting attempt 1 of 1
[2022-06-21 12:24:20,921] {taskinstance.py:1245} INFO - 
--------------------------------------------------------------------------------
[2022-06-21 12:24:20,937] {taskinstance.py:1264} INFO - Executing <Task(HttpSensor): task_api_active> on 2022-06-21 12:24:19.921530+00:00
[2022-06-21 12:24:20,942] {standard_task_runner.py:52} INFO - Started process 146 to run task
[2022-06-21 12:24:20,947] {standard_task_runner.py:76} INFO - Running: ['airflow', 'tasks', 'run', 'todoist_load_to_pg', 'task_api_active', 'manual__2022-06-21T12:24:19.921530+00:00', '--job-id', '513', '--raw', '--subdir', 'DAGS_FOLDER/todoist_load_to_pg.py', '--cfg-path', '/tmp/tmp82i4lkh5', '--error-file', '/tmp/tmpx0jbstmd']
[2022-06-21 12:24:20,949] {standard_task_runner.py:77} INFO - Job 513: Subtask task_api_active
[2022-06-21 12:24:21,024] {logging_mixin.py:109} INFO - Running <TaskInstance: todoist_load_to_pg.task_api_active manual__2022-06-21T12:24:19.921530+00:00 [running]> on host bd658c040114
[2022-06-21 12:24:21,087] {taskinstance.py:1429} INFO - Exporting the following env vars:
AIRFLOW_CTX_DAG_OWNER=emil
AIRFLOW_CTX_DAG_ID=todoist_load_to_pg
AIRFLOW_CTX_TASK_ID=task_api_active
AIRFLOW_CTX_EXECUTION_DATE=2022-06-21T12:24:19.921530+00:00
AIRFLOW_CTX_DAG_RUN_ID=manual__2022-06-21T12:24:19.921530+00:00
[2022-06-21 12:24:21,089] {http.py:96} INFO - Poking: /projects
[2022-06-21 12:24:21,103] {base.py:70} INFO - Using connection to: id: todo_conn. Host: https://api.todoist.com/rest/v1, Port: None, Schema: https, Login: , Password: ***, extra: {'authorization': '***'}
[2022-06-21 12:24:21,106] {http.py:129} INFO - Sending 'GET' to url: https://api.todoist.com/rest/v1/projects
[2022-06-21 12:24:21,759] {base.py:251} INFO - Success criteria met. Exiting.
[2022-06-21 12:24:21,774] {taskinstance.py:1272} INFO - Marking task as SUCCESS. dag_id=todoist_load_to_pg, task_id=task_api_active, execution_date=20220621T122419, start_date=20220621T122420, end_date=20220621T122421
[2022-06-21 12:24:21,825] {local_task_job.py:154} INFO - Task exited with return code 0
[2022-06-21 12:24:21,871] {local_task_job.py:264} INFO - 1 downstream tasks scheduled from follow-on schedule check
