[2022-06-21 12:55:39,070] {taskinstance.py:1037} INFO - Dependencies all met for <TaskInstance: todoist_load_to_pg.json_to_df_labels manual__2022-06-21T12:55:30.223093+00:00 [queued]>
[2022-06-21 12:55:39,105] {taskinstance.py:1037} INFO - Dependencies all met for <TaskInstance: todoist_load_to_pg.json_to_df_labels manual__2022-06-21T12:55:30.223093+00:00 [queued]>
[2022-06-21 12:55:39,107] {taskinstance.py:1243} INFO - 
--------------------------------------------------------------------------------
[2022-06-21 12:55:39,108] {taskinstance.py:1244} INFO - Starting attempt 1 of 1
[2022-06-21 12:55:39,110] {taskinstance.py:1245} INFO - 
--------------------------------------------------------------------------------
[2022-06-21 12:55:39,138] {taskinstance.py:1264} INFO - Executing <Task(PythonOperator): json_to_df_labels> on 2022-06-21 12:55:30.223093+00:00
[2022-06-21 12:55:39,154] {standard_task_runner.py:52} INFO - Started process 268 to run task
[2022-06-21 12:55:39,158] {standard_task_runner.py:76} INFO - Running: ['airflow', 'tasks', 'run', 'todoist_load_to_pg', 'json_to_df_labels', 'manual__2022-06-21T12:55:30.223093+00:00', '--job-id', '574', '--raw', '--subdir', 'DAGS_FOLDER/todoist_load_to_pg.py', '--cfg-path', '/tmp/tmp8t0y5tf5', '--error-file', '/tmp/tmpfq7_9zju']
[2022-06-21 12:55:39,181] {standard_task_runner.py:77} INFO - Job 574: Subtask json_to_df_labels
[2022-06-21 12:55:39,328] {logging_mixin.py:109} INFO - Running <TaskInstance: todoist_load_to_pg.json_to_df_labels manual__2022-06-21T12:55:30.223093+00:00 [running]> on host bd658c040114
[2022-06-21 12:55:39,462] {taskinstance.py:1429} INFO - Exporting the following env vars:
AIRFLOW_CTX_DAG_OWNER=emil
AIRFLOW_CTX_DAG_ID=todoist_load_to_pg
AIRFLOW_CTX_TASK_ID=json_to_df_labels
AIRFLOW_CTX_EXECUTION_DATE=2022-06-21T12:55:30.223093+00:00
AIRFLOW_CTX_DAG_RUN_ID=manual__2022-06-21T12:55:30.223093+00:00
[2022-06-21 12:55:39,597] {todoist_load_to_pg.py:57} INFO -            id              name  order  color  favorite  \
0  2159971948          <_30_мин      1     45     False   
1  2160016368  задачи_на_неделю      2     30     False   

                     dag_run  
0 2022-06-21 12:55:39.547163  
1 2022-06-21 12:55:39.547163  
[2022-06-21 12:55:39,640] {base.py:70} INFO - Using connection to: id: PG_LOCAL. Host: host.docker.internal, Port: 5432, Schema: , Login: postgres, Password: ***, extra: {}
[2022-06-21 12:55:39,661] {base.py:70} INFO - Using connection to: id: PG_LOCAL. Host: host.docker.internal, Port: 5432, Schema: , Login: postgres, Password: ***, extra: {}
[2022-06-21 12:55:39,873] {python.py:175} INFO - Done. Returned value was: None
[2022-06-21 12:55:39,893] {taskinstance.py:1272} INFO - Marking task as SUCCESS. dag_id=todoist_load_to_pg, task_id=json_to_df_labels, execution_date=20220621T125530, start_date=20220621T125539, end_date=20220621T125539
[2022-06-21 12:55:39,962] {local_task_job.py:154} INFO - Task exited with return code 0
[2022-06-21 12:55:40,004] {local_task_job.py:264} INFO - 0 downstream tasks scheduled from follow-on schedule check
