[2022-06-21 10:47:12,275] {taskinstance.py:1037} INFO - Dependencies all met for <TaskInstance: todoist_load_to_pg.task_get_proj scheduled__2022-06-20T00:00:00+00:00 [queued]>
[2022-06-21 10:47:12,305] {taskinstance.py:1037} INFO - Dependencies all met for <TaskInstance: todoist_load_to_pg.task_get_proj scheduled__2022-06-20T00:00:00+00:00 [queued]>
[2022-06-21 10:47:12,306] {taskinstance.py:1243} INFO - 
--------------------------------------------------------------------------------
[2022-06-21 10:47:12,306] {taskinstance.py:1244} INFO - Starting attempt 1 of 1
[2022-06-21 10:47:12,307] {taskinstance.py:1245} INFO - 
--------------------------------------------------------------------------------
[2022-06-21 10:47:12,328] {taskinstance.py:1264} INFO - Executing <Task(SimpleHttpOperator): task_get_proj> on 2022-06-20 00:00:00+00:00
[2022-06-21 10:47:12,335] {standard_task_runner.py:52} INFO - Started process 84 to run task
[2022-06-21 10:47:12,339] {standard_task_runner.py:76} INFO - Running: ['airflow', 'tasks', 'run', 'todoist_load_to_pg', 'task_get_proj', 'scheduled__2022-06-20T00:00:00+00:00', '--job-id', '482', '--raw', '--subdir', 'DAGS_FOLDER/todoist_load_to_pg.py', '--cfg-path', '/tmp/tmpvj67gsv8', '--error-file', '/tmp/tmp1x733f36']
[2022-06-21 10:47:12,343] {standard_task_runner.py:77} INFO - Job 482: Subtask task_get_proj
[2022-06-21 10:47:12,426] {logging_mixin.py:109} INFO - Running <TaskInstance: todoist_load_to_pg.task_get_proj scheduled__2022-06-20T00:00:00+00:00 [running]> on host bd658c040114
[2022-06-21 10:47:12,538] {taskinstance.py:1429} INFO - Exporting the following env vars:
AIRFLOW_CTX_DAG_OWNER=emil
AIRFLOW_CTX_DAG_ID=todoist_load_to_pg
AIRFLOW_CTX_TASK_ID=task_get_proj
AIRFLOW_CTX_EXECUTION_DATE=2022-06-20T00:00:00+00:00
AIRFLOW_CTX_DAG_RUN_ID=scheduled__2022-06-20T00:00:00+00:00
[2022-06-21 10:47:12,542] {http.py:104} INFO - Calling HTTP method
[2022-06-21 10:47:12,556] {base.py:70} INFO - Using connection to: id: todo_conn. Host: https://api.todoist.com/rest/v1, Port: None, Schema: https, Login: , Password: ***, extra: {'authorization': '***'}
[2022-06-21 10:47:12,561] {http.py:129} INFO - Sending 'GET' to url: https://api.todoist.com/rest/v1/projects
[2022-06-21 10:47:12,857] {http.py:108} INFO - [
	{
		"id": 2266101084,
		"color": 48,
		"name": "Inbox",
		"comment_count": 0,
		"shared": false,
		"favorite": false,
		"sync_id": 0,
		"inbox_project": true,
		"url": "https://todoist.com/showProject?id=2266101084"
	},
	{
		"id": 2266102370,
		"order": 1,
		"color": 31,
		"name": "Работа",
		"comment_count": 0,
		"shared": false,
		"favorite": false,
		"sync_id": 0,
		"url": "https://todoist.com/showProject?id=2266102370"
	},
	{
		"id": 2281199547,
		"order": 2,
		"color": 46,
		"name": "Проекты",
		"comment_count": 0,
		"shared": false,
		"favorite": false,
		"sync_id": 0,
		"url": "https://todoist.com/showProject?id=2281199547"
	},
	{
		"id": 2276172551,
		"order": 3,
		"color": 41,
		"name": "Финансы",
		"comment_count": 0,
		"shared": false,
		"favorite": false,
		"sync_id": 0,
		"url": "https://todoist.com/showProject?id=2276172551"
	},
	{
		"id": 2275765087,
		"order": 4,
		"color": 33,
		"name": "Организационно-бытовые задачи",
		"comment_count": 0,
		"shared": false,
		"favorite": false,
		"sync_id": 0,
		"url": "https://todoist.com/showProject?id=2275765087"
	},
	{
		"id": 2275777802,
		"order": 5,
		"color": 36,
		"name": "Красота и здоровье",
		"comment_count": 0,
		"shared": false,
		"favorite": false,
		"sync_id": 0,
		"url": "https://todoist.com/showProject?id=2275777802"
	},
	{
		"id": 2275765259,
		"order": 6,
		"color": 37,
		"name": "Личная эффективность",
		"comment_count": 0,
		"shared": false,
		"favorite": false,
		"sync_id": 0,
		"url": "https://todoist.com/showProject?id=2275765259"
	},
	{
		"id": 2286290517,
		"order": 7,
		"color": 34,
		"name": "Soft",
		"comment_count": 0,
		"shared": false,
		"favorite": false,
		"sync_id": 0,
		"url": "https://todoist.com/showProject?id=2286290517"
	},
	{
		"id": 2276173208,
		"order": 8,
		"color": 30,
		"name": "Семья",
		"comment_count": 0,
		"shared": false,
		"favorite": false,
		"sync_id": 0,
		"url": "https://todoist.com/showProject?id=2276173208"
	},
	{
		"id": 2281200101,
		"order": 9,
		"color": 35,
		"name": "Друзья",
		"comment_count": 0,
		"shared": false,
		"favorite": false,
		"sync_id": 0,
		"url": "https://todoist.com/showProject?id=2281200101"
	}
]

[2022-06-21 10:47:12,881] {taskinstance.py:1272} INFO - Marking task as SUCCESS. dag_id=todoist_load_to_pg, task_id=task_get_proj, execution_date=20220620T000000, start_date=20220621T104712, end_date=20220621T104712
[2022-06-21 10:47:12,927] {local_task_job.py:154} INFO - Task exited with return code 0
[2022-06-21 10:47:12,962] {local_task_job.py:264} INFO - 1 downstream tasks scheduled from follow-on schedule check
