[2022-06-21 12:53:36,801] {taskinstance.py:1037} INFO - Dependencies all met for <TaskInstance: todoist_load_to_pg.task_api_active_projects manual__2022-06-21T12:53:34.655897+00:00 [queued]>
[2022-06-21 12:53:36,813] {taskinstance.py:1037} INFO - Dependencies all met for <TaskInstance: todoist_load_to_pg.task_api_active_projects manual__2022-06-21T12:53:34.655897+00:00 [queued]>
[2022-06-21 12:53:36,814] {taskinstance.py:1243} INFO - 
--------------------------------------------------------------------------------
[2022-06-21 12:53:36,815] {taskinstance.py:1244} INFO - Starting attempt 1 of 1
[2022-06-21 12:53:36,816] {taskinstance.py:1245} INFO - 
--------------------------------------------------------------------------------
[2022-06-21 12:53:36,861] {taskinstance.py:1264} INFO - Executing <Task(HttpSensor): task_api_active_projects> on 2022-06-21 12:53:34.655897+00:00
[2022-06-21 12:53:36,867] {standard_task_runner.py:52} INFO - Started process 234 to run task
[2022-06-21 12:53:36,891] {standard_task_runner.py:76} INFO - Running: ['airflow', 'tasks', 'run', 'todoist_load_to_pg', 'task_api_active_projects', 'manual__2022-06-21T12:53:34.655897+00:00', '--job-id', '556', '--raw', '--subdir', 'DAGS_FOLDER/todoist_load_to_pg.py', '--cfg-path', '/tmp/tmpui34v8lc', '--error-file', '/tmp/tmpo7lhh11q']
[2022-06-21 12:53:36,893] {standard_task_runner.py:77} INFO - Job 556: Subtask task_api_active_projects
[2022-06-21 12:53:37,057] {logging_mixin.py:109} INFO - Running <TaskInstance: todoist_load_to_pg.task_api_active_projects manual__2022-06-21T12:53:34.655897+00:00 [running]> on host bd658c040114
[2022-06-21 12:53:37,190] {taskinstance.py:1429} INFO - Exporting the following env vars:
AIRFLOW_CTX_DAG_OWNER=emil
AIRFLOW_CTX_DAG_ID=todoist_load_to_pg
AIRFLOW_CTX_TASK_ID=task_api_active_projects
AIRFLOW_CTX_EXECUTION_DATE=2022-06-21T12:53:34.655897+00:00
AIRFLOW_CTX_DAG_RUN_ID=manual__2022-06-21T12:53:34.655897+00:00
[2022-06-21 12:53:37,192] {http.py:96} INFO - Poking: projects
[2022-06-21 12:53:37,212] {base.py:70} INFO - Using connection to: id: todo_conn. Host: https://api.todoist.com/rest/v1, Port: None, Schema: https, Login: , Password: ***, extra: {'authorization': '***'}
[2022-06-21 12:53:37,217] {http.py:129} INFO - Sending 'GET' to url: https://api.todoist.com/rest/v1/projects
[2022-06-21 12:53:37,566] {base.py:251} INFO - Success criteria met. Exiting.
[2022-06-21 12:53:37,582] {taskinstance.py:1272} INFO - Marking task as SUCCESS. dag_id=todoist_load_to_pg, task_id=task_api_active_projects, execution_date=20220621T125334, start_date=20220621T125336, end_date=20220621T125337
[2022-06-21 12:53:37,626] {local_task_job.py:154} INFO - Task exited with return code 0
[2022-06-21 12:53:37,672] {local_task_job.py:264} INFO - 1 downstream tasks scheduled from follow-on schedule check
