[2022-05-31 20:18:20,151] {taskinstance.py:1037} INFO - Dependencies all met for <TaskInstance: todoist_load_to_pg.run_this_first manual__2022-05-31T20:18:19.017562+00:00 [queued]>
[2022-05-31 20:18:20,163] {taskinstance.py:1037} INFO - Dependencies all met for <TaskInstance: todoist_load_to_pg.run_this_first manual__2022-05-31T20:18:19.017562+00:00 [queued]>
[2022-05-31 20:18:20,164] {taskinstance.py:1243} INFO - 
--------------------------------------------------------------------------------
[2022-05-31 20:18:20,164] {taskinstance.py:1244} INFO - Starting attempt 1 of 1
[2022-05-31 20:18:20,165] {taskinstance.py:1245} INFO - 
--------------------------------------------------------------------------------
[2022-05-31 20:18:20,199] {taskinstance.py:1264} INFO - Executing <Task(PythonOperator): run_this_first> on 2022-05-31 20:18:19.017562+00:00
[2022-05-31 20:18:20,204] {standard_task_runner.py:52} INFO - Started process 119 to run task
[2022-05-31 20:18:20,209] {standard_task_runner.py:76} INFO - Running: ['airflow', 'tasks', 'run', 'todoist_load_to_pg', 'run_this_first', 'manual__2022-05-31T20:18:19.017562+00:00', '--job-id', '375', '--raw', '--subdir', 'DAGS_FOLDER/todoist_load_to_pg.py', '--cfg-path', '/tmp/tmpy72zb0t4', '--error-file', '/tmp/tmpymnk4zma']
[2022-05-31 20:18:20,210] {standard_task_runner.py:77} INFO - Job 375: Subtask run_this_first
[2022-05-31 20:18:20,273] {logging_mixin.py:109} INFO - Running <TaskInstance: todoist_load_to_pg.run_this_first manual__2022-05-31T20:18:19.017562+00:00 [running]> on host bd658c040114
[2022-05-31 20:18:20,332] {taskinstance.py:1429} INFO - Exporting the following env vars:
AIRFLOW_CTX_DAG_OWNER=emil
AIRFLOW_CTX_DAG_ID=todoist_load_to_pg
AIRFLOW_CTX_TASK_ID=run_this_first
AIRFLOW_CTX_EXECUTION_DATE=2022-05-31T20:18:19.017562+00:00
AIRFLOW_CTX_DAG_RUN_ID=manual__2022-05-31T20:18:19.017562+00:00
[2022-05-31 20:18:22,337] {python.py:175} INFO - Done. Returned value was: None
[2022-05-31 20:18:22,353] {taskinstance.py:1272} INFO - Marking task as SUCCESS. dag_id=todoist_load_to_pg, task_id=run_this_first, execution_date=20220531T201819, start_date=20220531T201820, end_date=20220531T201822
[2022-05-31 20:18:22,392] {local_task_job.py:154} INFO - Task exited with return code 0
[2022-05-31 20:18:22,449] {local_task_job.py:264} INFO - 1 downstream tasks scheduled from follow-on schedule check
