[2022-05-31 20:45:01,063] {taskinstance.py:1037} INFO - Dependencies all met for <TaskInstance: todoist_load_to_pg.run_this_first manual__2022-05-31T20:44:59.599836+00:00 [queued]>
[2022-05-31 20:45:01,074] {taskinstance.py:1037} INFO - Dependencies all met for <TaskInstance: todoist_load_to_pg.run_this_first manual__2022-05-31T20:44:59.599836+00:00 [queued]>
[2022-05-31 20:45:01,075] {taskinstance.py:1243} INFO - 
--------------------------------------------------------------------------------
[2022-05-31 20:45:01,076] {taskinstance.py:1244} INFO - Starting attempt 1 of 1
[2022-05-31 20:45:01,077] {taskinstance.py:1245} INFO - 
--------------------------------------------------------------------------------
[2022-05-31 20:45:01,092] {taskinstance.py:1264} INFO - Executing <Task(PythonOperator): run_this_first> on 2022-05-31 20:44:59.599836+00:00
[2022-05-31 20:45:01,099] {standard_task_runner.py:52} INFO - Started process 143 to run task
[2022-05-31 20:45:01,103] {standard_task_runner.py:76} INFO - Running: ['airflow', 'tasks', 'run', 'todoist_load_to_pg', 'run_this_first', 'manual__2022-05-31T20:44:59.599836+00:00', '--job-id', '387', '--raw', '--subdir', 'DAGS_FOLDER/todoist_load_to_pg.py', '--cfg-path', '/tmp/tmpxncslj9e', '--error-file', '/tmp/tmpczzl4ml9']
[2022-05-31 20:45:01,104] {standard_task_runner.py:77} INFO - Job 387: Subtask run_this_first
[2022-05-31 20:45:01,168] {logging_mixin.py:109} INFO - Running <TaskInstance: todoist_load_to_pg.run_this_first manual__2022-05-31T20:44:59.599836+00:00 [running]> on host bd658c040114
[2022-05-31 20:45:01,227] {taskinstance.py:1429} INFO - Exporting the following env vars:
AIRFLOW_CTX_DAG_OWNER=emil
AIRFLOW_CTX_DAG_ID=todoist_load_to_pg
AIRFLOW_CTX_TASK_ID=run_this_first
AIRFLOW_CTX_EXECUTION_DATE=2022-05-31T20:44:59.599836+00:00
AIRFLOW_CTX_DAG_RUN_ID=manual__2022-05-31T20:44:59.599836+00:00
[2022-05-31 20:45:03,229] {python.py:175} INFO - Done. Returned value was: None
[2022-05-31 20:45:03,247] {taskinstance.py:1272} INFO - Marking task as SUCCESS. dag_id=todoist_load_to_pg, task_id=run_this_first, execution_date=20220531T204459, start_date=20220531T204501, end_date=20220531T204503
[2022-05-31 20:45:03,308] {local_task_job.py:154} INFO - Task exited with return code 0
[2022-05-31 20:45:03,359] {local_task_job.py:264} INFO - 1 downstream tasks scheduled from follow-on schedule check
