[2022-06-21 12:55:36,923] {taskinstance.py:1037} INFO - Dependencies all met for <TaskInstance: todoist_load_to_pg.task_get_labels manual__2022-06-21T12:55:30.223093+00:00 [queued]>
[2022-06-21 12:55:36,969] {taskinstance.py:1037} INFO - Dependencies all met for <TaskInstance: todoist_load_to_pg.task_get_labels manual__2022-06-21T12:55:30.223093+00:00 [queued]>
[2022-06-21 12:55:36,971] {taskinstance.py:1243} INFO - 
--------------------------------------------------------------------------------
[2022-06-21 12:55:36,972] {taskinstance.py:1244} INFO - Starting attempt 1 of 1
[2022-06-21 12:55:36,973] {taskinstance.py:1245} INFO - 
--------------------------------------------------------------------------------
[2022-06-21 12:55:37,012] {taskinstance.py:1264} INFO - Executing <Task(SimpleHttpOperator): task_get_labels> on 2022-06-21 12:55:30.223093+00:00
[2022-06-21 12:55:37,025] {standard_task_runner.py:52} INFO - Started process 263 to run task
[2022-06-21 12:55:37,031] {standard_task_runner.py:76} INFO - Running: ['airflow', 'tasks', 'run', 'todoist_load_to_pg', 'task_get_labels', 'manual__2022-06-21T12:55:30.223093+00:00', '--job-id', '571', '--raw', '--subdir', 'DAGS_FOLDER/todoist_load_to_pg.py', '--cfg-path', '/tmp/tmp85807aci', '--error-file', '/tmp/tmps18eb7_i']
[2022-06-21 12:55:37,054] {standard_task_runner.py:77} INFO - Job 571: Subtask task_get_labels
[2022-06-21 12:55:37,209] {logging_mixin.py:109} INFO - Running <TaskInstance: todoist_load_to_pg.task_get_labels manual__2022-06-21T12:55:30.223093+00:00 [running]> on host bd658c040114
[2022-06-21 12:55:37,294] {taskinstance.py:1429} INFO - Exporting the following env vars:
AIRFLOW_CTX_DAG_OWNER=emil
AIRFLOW_CTX_DAG_ID=todoist_load_to_pg
AIRFLOW_CTX_TASK_ID=task_get_labels
AIRFLOW_CTX_EXECUTION_DATE=2022-06-21T12:55:30.223093+00:00
AIRFLOW_CTX_DAG_RUN_ID=manual__2022-06-21T12:55:30.223093+00:00
[2022-06-21 12:55:37,296] {http.py:104} INFO - Calling HTTP method
[2022-06-21 12:55:37,315] {base.py:70} INFO - Using connection to: id: todo_conn. Host: https://api.todoist.com/rest/v1, Port: None, Schema: https, Login: , Password: ***, extra: {'authorization': '***'}
[2022-06-21 12:55:37,317] {http.py:129} INFO - Sending 'GET' to url: https://api.todoist.com/rest/v1/labels
[2022-06-21 12:55:37,602] {http.py:108} INFO - [
	{
		"id": 2159971948,
		"name": "<_30_мин",
		"order": 1,
		"color": 45,
		"favorite": false
	},
	{
		"id": 2160016368,
		"name": "задачи_на_неделю",
		"order": 2,
		"color": 30,
		"favorite": false
	}
]

[2022-06-21 12:55:37,630] {taskinstance.py:1272} INFO - Marking task as SUCCESS. dag_id=todoist_load_to_pg, task_id=task_get_labels, execution_date=20220621T125530, start_date=20220621T125536, end_date=20220621T125537
[2022-06-21 12:55:37,692] {local_task_job.py:154} INFO - Task exited with return code 0
[2022-06-21 12:55:37,747] {local_task_job.py:264} INFO - 1 downstream tasks scheduled from follow-on schedule check
