[2022-06-21 12:45:38,628] {taskinstance.py:1037} INFO - Dependencies all met for <TaskInstance: todoist_load_to_pg.task_api_active_tasks manual__2022-06-21T12:45:36.497557+00:00 [queued]>
[2022-06-21 12:45:38,645] {taskinstance.py:1037} INFO - Dependencies all met for <TaskInstance: todoist_load_to_pg.task_api_active_tasks manual__2022-06-21T12:45:36.497557+00:00 [queued]>
[2022-06-21 12:45:38,646] {taskinstance.py:1243} INFO - 
--------------------------------------------------------------------------------
[2022-06-21 12:45:38,646] {taskinstance.py:1244} INFO - Starting attempt 1 of 1
[2022-06-21 12:45:38,647] {taskinstance.py:1245} INFO - 
--------------------------------------------------------------------------------
[2022-06-21 12:45:38,675] {taskinstance.py:1264} INFO - Executing <Task(HttpSensor): task_api_active_tasks> on 2022-06-21 12:45:36.497557+00:00
[2022-06-21 12:45:38,686] {standard_task_runner.py:52} INFO - Started process 182 to run task
[2022-06-21 12:45:38,697] {standard_task_runner.py:76} INFO - Running: ['airflow', 'tasks', 'run', 'todoist_load_to_pg', 'task_api_active_tasks', 'manual__2022-06-21T12:45:36.497557+00:00', '--job-id', '531', '--raw', '--subdir', 'DAGS_FOLDER/todoist_load_to_pg.py', '--cfg-path', '/tmp/tmplz0jepua', '--error-file', '/tmp/tmp37llxvnp']
[2022-06-21 12:45:38,698] {standard_task_runner.py:77} INFO - Job 531: Subtask task_api_active_tasks
[2022-06-21 12:45:38,818] {logging_mixin.py:109} INFO - Running <TaskInstance: todoist_load_to_pg.task_api_active_tasks manual__2022-06-21T12:45:36.497557+00:00 [running]> on host bd658c040114
[2022-06-21 12:45:38,936] {taskinstance.py:1429} INFO - Exporting the following env vars:
AIRFLOW_CTX_DAG_OWNER=emil
AIRFLOW_CTX_DAG_ID=todoist_load_to_pg
AIRFLOW_CTX_TASK_ID=task_api_active_tasks
AIRFLOW_CTX_EXECUTION_DATE=2022-06-21T12:45:36.497557+00:00
AIRFLOW_CTX_DAG_RUN_ID=manual__2022-06-21T12:45:36.497557+00:00
[2022-06-21 12:45:38,937] {http.py:96} INFO - Poking: tasks
[2022-06-21 12:45:38,960] {base.py:70} INFO - Using connection to: id: todo_conn. Host: https://api.todoist.com/rest/v1, Port: None, Schema: https, Login: , Password: ***, extra: {'authorization': '***'}
[2022-06-21 12:45:38,964] {http.py:129} INFO - Sending 'GET' to url: https://api.todoist.com/rest/v1/tasks
[2022-06-21 12:45:39,558] {base.py:251} INFO - Success criteria met. Exiting.
[2022-06-21 12:45:39,620] {taskinstance.py:1272} INFO - Marking task as SUCCESS. dag_id=todoist_load_to_pg, task_id=task_api_active_tasks, execution_date=20220621T124536, start_date=20220621T124538, end_date=20220621T124539
[2022-06-21 12:45:39,682] {local_task_job.py:154} INFO - Task exited with return code 0
[2022-06-21 12:45:39,742] {local_task_job.py:264} INFO - 1 downstream tasks scheduled from follow-on schedule check
