[2022-06-21 12:46:59,432] {taskinstance.py:1037} INFO - Dependencies all met for <TaskInstance: todoist_load_to_pg.task_api_active_projects manual__2022-06-21T12:46:56.902874+00:00 [queued]>
[2022-06-21 12:46:59,457] {taskinstance.py:1037} INFO - Dependencies all met for <TaskInstance: todoist_load_to_pg.task_api_active_projects manual__2022-06-21T12:46:56.902874+00:00 [queued]>
[2022-06-21 12:46:59,457] {taskinstance.py:1243} INFO - 
--------------------------------------------------------------------------------
[2022-06-21 12:46:59,458] {taskinstance.py:1244} INFO - Starting attempt 1 of 1
[2022-06-21 12:46:59,459] {taskinstance.py:1245} INFO - 
--------------------------------------------------------------------------------
[2022-06-21 12:46:59,516] {taskinstance.py:1264} INFO - Executing <Task(HttpSensor): task_api_active_projects> on 2022-06-21 12:46:56.902874+00:00
[2022-06-21 12:46:59,549] {standard_task_runner.py:52} INFO - Started process 199 to run task
[2022-06-21 12:46:59,571] {standard_task_runner.py:76} INFO - Running: ['airflow', 'tasks', 'run', 'todoist_load_to_pg', 'task_api_active_projects', 'manual__2022-06-21T12:46:56.902874+00:00', '--job-id', '538', '--raw', '--subdir', 'DAGS_FOLDER/todoist_load_to_pg.py', '--cfg-path', '/tmp/tmp_co403my', '--error-file', '/tmp/tmpdl4zx5jt']
[2022-06-21 12:46:59,574] {standard_task_runner.py:77} INFO - Job 538: Subtask task_api_active_projects
[2022-06-21 12:46:59,859] {logging_mixin.py:109} INFO - Running <TaskInstance: todoist_load_to_pg.task_api_active_projects manual__2022-06-21T12:46:56.902874+00:00 [running]> on host bd658c040114
[2022-06-21 12:47:02,873] {taskinstance.py:1429} INFO - Exporting the following env vars:
AIRFLOW_CTX_DAG_OWNER=emil
AIRFLOW_CTX_DAG_ID=todoist_load_to_pg
AIRFLOW_CTX_TASK_ID=task_api_active_projects
AIRFLOW_CTX_EXECUTION_DATE=2022-06-21T12:46:56.902874+00:00
AIRFLOW_CTX_DAG_RUN_ID=manual__2022-06-21T12:46:56.902874+00:00
[2022-06-21 12:47:02,875] {http.py:96} INFO - Poking: projects
[2022-06-21 12:47:02,918] {base.py:70} INFO - Using connection to: id: todo_conn. Host: https://api.todoist.com/rest/v1, Port: None, Schema: https, Login: , Password: ***, extra: {'authorization': '***'}
[2022-06-21 12:47:02,923] {http.py:129} INFO - Sending 'GET' to url: https://api.todoist.com/rest/v1/projects
[2022-06-21 12:47:03,382] {base.py:251} INFO - Success criteria met. Exiting.
[2022-06-21 12:47:03,408] {taskinstance.py:1272} INFO - Marking task as SUCCESS. dag_id=todoist_load_to_pg, task_id=task_api_active_projects, execution_date=20220621T124656, start_date=20220621T124659, end_date=20220621T124703
[2022-06-21 12:47:03,506] {local_task_job.py:154} INFO - Task exited with return code 0
[2022-06-21 12:47:03,611] {local_task_job.py:264} INFO - 1 downstream tasks scheduled from follow-on schedule check
