[2022-06-21 12:47:06,120] {taskinstance.py:1037} INFO - Dependencies all met for <TaskInstance: todoist_load_to_pg.task_get_tasks manual__2022-06-21T12:46:56.902874+00:00 [queued]>
[2022-06-21 12:47:06,155] {taskinstance.py:1037} INFO - Dependencies all met for <TaskInstance: todoist_load_to_pg.task_get_tasks manual__2022-06-21T12:46:56.902874+00:00 [queued]>
[2022-06-21 12:47:06,157] {taskinstance.py:1243} INFO - 
--------------------------------------------------------------------------------
[2022-06-21 12:47:06,158] {taskinstance.py:1244} INFO - Starting attempt 1 of 1
[2022-06-21 12:47:06,158] {taskinstance.py:1245} INFO - 
--------------------------------------------------------------------------------
[2022-06-21 12:47:06,201] {taskinstance.py:1264} INFO - Executing <Task(SimpleHttpOperator): task_get_tasks> on 2022-06-21 12:46:56.902874+00:00
[2022-06-21 12:47:06,221] {standard_task_runner.py:52} INFO - Started process 205 to run task
[2022-06-21 12:47:06,233] {standard_task_runner.py:76} INFO - Running: ['airflow', 'tasks', 'run', 'todoist_load_to_pg', 'task_get_tasks', 'manual__2022-06-21T12:46:56.902874+00:00', '--job-id', '542', '--raw', '--subdir', 'DAGS_FOLDER/todoist_load_to_pg.py', '--cfg-path', '/tmp/tmp5sd8_gg2', '--error-file', '/tmp/tmp207wuadk']
[2022-06-21 12:47:06,241] {standard_task_runner.py:77} INFO - Job 542: Subtask task_get_tasks
[2022-06-21 12:47:06,525] {logging_mixin.py:109} INFO - Running <TaskInstance: todoist_load_to_pg.task_get_tasks manual__2022-06-21T12:46:56.902874+00:00 [running]> on host bd658c040114
[2022-06-21 12:47:06,718] {taskinstance.py:1429} INFO - Exporting the following env vars:
AIRFLOW_CTX_DAG_OWNER=emil
AIRFLOW_CTX_DAG_ID=todoist_load_to_pg
AIRFLOW_CTX_TASK_ID=task_get_tasks
AIRFLOW_CTX_EXECUTION_DATE=2022-06-21T12:46:56.902874+00:00
AIRFLOW_CTX_DAG_RUN_ID=manual__2022-06-21T12:46:56.902874+00:00
[2022-06-21 12:47:06,723] {http.py:104} INFO - Calling HTTP method
[2022-06-21 12:47:06,755] {base.py:70} INFO - Using connection to: id: todo_conn. Host: https://api.todoist.com/rest/v1, Port: None, Schema: https, Login: , Password: ***, extra: {'authorization': '***'}
[2022-06-21 12:47:06,760] {http.py:129} INFO - Sending 'GET' to url: https://api.todoist.com/rest/v1/tasks
[2022-06-21 12:47:07,216] {http.py:108} INFO - [
	{
		"id": 5232392966,
		"assigner": 0,
		"project_id": 2275777802,
		"section_id": 64907921,
		"order": 3,
		"content": "уход, брови, борода и тд",
		"description": "",
		"completed": false,
		"label_ids": [],
		"priority": 1,
		"comment_count": 0,
		"creator": 34031584,
		"created": "2021-10-11T17:15:27.547821Z",
		"due": {
			"date": "2022-06-18",
			"string": "каждую субботу в 10:30",
			"lang": "ru",
			"datetime": "2022-06-18T10:30:00",
			"recurring": true
		},
		"url": "https://todoist.com/showTask?id=5232392966"
	},
	{
		"id": 5232417005,
		"assigner": 0,
		"project_id": 2275765087,
		"section_id": 81773819,
		"order": 1,
		"content": "Получить права",
		"description": "",
		"completed": false,
		"label_ids": [],
		"priority": 1,
		"comment_count": 0,
		"creator": 34031584,
		"created": "2021-10-11T17:23:23.851613Z",
		"url": "https://todoist.com/showTask?id=5232417005"
	},
	{
		"id": 5232417588,
		"assigner": 0,
		"project_id": 2275765087,
		"section_id": 81773819,
		"parent": 5232417005,
		"parent_id": 5232417005,
		"order": 1,
		"content": "Расписать план",
		"description": "",
		"completed": false,
		"label_ids": [],
		"priority": 1,
		"comment_count": 0,
		"creator": 34031584,
		"created": "2021-10-11T17:23:35.615590Z",
		"url": "https://todoist.com/showTask?id=5232417588"
	},
	{
		"id": 5235515684,
		"assigner": 0,
		"project_id": 2276173208,
		"section_id": 0,
		"order": 3,
		"content": "Звонить домой",
		"description": "",
		"completed": false,
		"label_ids": [],
		"priority": 1,
		"comment_count": 0,
		"creator": 34031584,
		"created": "2021-10-12T16:35:47.829039Z",
		"due": {
			"date": "2022-06-17",
			"string": "каждый день в 19",
			"lang": "ru",
			"datetime": "2022-06-17T19:00:00",
			"recurring": true
		},
		"url": "https://todoist.com/showTask?id=5235515684"
	},
	{
		"id": 5241699227,
		"assigner": 0,
		"project_id": 2276173208,
		"section_id": 0,
		"order": 1,
		"content": "Езжу в Мосальск",
		"description": "",
		"completed": false,
		"label_ids": [],
		"priority": 1,
		"comment_count": 0,
		"creator": 34031584,
		"created": "2021-10-14T15:11:53.016748Z",
		"due": {
			"date": "2022-06-21",
			"string": "каждые 3 недели",
			"lang": "ru",
			"recurring": true
		},
		"url": "https://todoist.com/showTask?id=5241699227"
	},
	{
		"id": 5245106126,
		"assigner": 0,
		"project_id": 2275777802,
		"section_id": 81774593,
		"order": 1,
		"content": "Сделать тату",
		"description": "",
		"completed": false,
		"label_ids": [],
		"priority": 1,
		"comment_count": 0,
		"creator": 34031584,
		"created": "2021-10-15T17:33:27.021929Z",
		"url": "https://todoist.com/showTask?id=5245106126"
	},
	{
		"id": 5245106949,
		"assigner": 0,
		"project_id": 2275777802,
		"section_id": 81774593,
		"parent": 5245106126,
		"parent_id": 5245106126,
		"order": 1,
		"content": "Придумать эскиз",
		"description": "",
		"completed": false,
		"label_ids": [],
		"priority": 1,
		"comment_count": 0,
		"creator": 34031584,
		"created": "2021-10-15T17:33:47.522586Z",
		"url": "https://todoist.com/showTask?id=5245106949"
	},
	{
		"id": 5246816881,
		"assigner": 0,
		"project_id": 2276173208,
		"section_id": 0,
		"order": 2,
		"content": "Перечислять домой 15 т.р",
		"description": "",
		"completed": false,
		"label_ids": [],
		"priority": 1,
		"comment_count": 0,
		"creator": 34031584,
		"created": "2021-10-16T14:32:00.711396Z",
		"due": {
			"date": "2022-06-24",
			"string": "каждое 10",
			"lang": "ru",
			"recurring": true
		},
		"url": "https://todoist.com/showTask?id=5246816881"
	},
	{
		"id": 5249132277,
		"assigner": 0,
		"project_id": 2276173208,
		"section_id": 81776343,
		"order": -1,
		"content": "Фриланс для мамы",
		"description": "",
		"completed": false,
		"label_ids": [],
		"priority": 1,
		"comment_count": 0,
		"creator": 34031584,
		"created": "2021-10-17T19:26:24.595547Z",
		"due": {
			"date": "2022-07-01",
			"string": "1 июля",
			"lang": "ru",
			"recurring": false
		},
		"url": "https://todoist.com/showTask?id=5249132277"
	},
	{
		"id": 5249215567,
		"assigner": 0,
		"project_id": 2275765087,
		"section_id": 86339079,
		"order": 2,
		"content": "Убраться на балконе",
		"description": "",
		"completed": false,
		"label_ids": [],
		"priority": 1,
		"comment_count": 0,
		"creator": 34031584,
		"created": "2021-10-17T20:08:05.350027Z",
		"url": "https://todoist.com/showTask?id=5249215567"
	},
	{
		"id": 5254184539,
		"assigner": 0,
		"project_id": 2275765087,
		"section_id": 81773848,
		"order": 3,
		"content": "Ускорить мак",
		"description": "",
		"completed": false,
		"label_ids": [],
		"priority": 1,
		"comment_count": 0,
		"creator": 34031584,
		"created": "2021-10-19T08:11:40.855875Z",
		"url": "https://todoist.com/showTask?id=5254184539"
	},
	{
		"id": 5254516036,
		"assigner": 0,
		"project_id": 2275765087,
		"section_id": 81773848,
		"order": 4,
		"content": "Разобраться с памятью на устройствах Mac",
		"description": "",
		"completed": false,
		"label_ids": [],
		"priority": 1,
		"comment_count": 0,
		"creator": 34031584,
		"created": "2021-10-19T10:23:53.704916Z",
		"url": "https://todoist.com/showTask?id=5254516036"
	},
	{
		"id": 5254941258,
		"assigner": 0,
		"project_id": 2276173208,
		"section_id": 81776343,
		"parent": 5249132277,
		"parent_id": 5249132277,
		"order": 2,
		"content": "Страничка",
		"description": "",
		"completed": false,
		"label_ids": [],
		"priority": 1,
		"comment_count": 0,
		"creator": 34031584,
		"created": "2021-10-19T12:50:05.778919Z",
		"url": "https://todoist.com/showTask?id=5254941258"
	},
	{
		"id": 5254941956,
		"assigner": 0,
		"project_id": 2276173208,
		"section_id": 81776343,
		"parent": 5249132277,
		"parent_id": 5249132277,
		"order": 4,
		"content": "Реклама",
		"description": "",
		"completed": false,
		"label_ids": [],
		"priority": 1,
		"comment_count": 0,
		"creator": 34031584,
		"created": "2021-10-19T12:50:19.645799Z",
		"url": "https://todoist.com/showTask?id=5254941956"
	},
	{
		"id": 5256322645,
		"assigner": 0,
		"project_id": 2275777802,
		"section_id": 64907921,
		"order": 2,
		"content": "Почистить лицо",
		"description": "",
		"completed": false,
		"label_ids": [],
		"priority": 1,
		"comment_count": 0,
		"creator": 34031584,
		"created": "2021-10-19T20:30:31.391483Z",
		"url": "https://todoist.com/showTask?id=5256322645"
	},
	{
		"id": 5256323090,
		"assigner": 0,
		"project_id": 2275777802,
		"section_id": 64907921,
		"parent": 5256322645,
		"parent_id": 5256322645,
		"order": 1,
		"content": "Умывание",
		"description": "",
		"completed": false,
		"label_ids": [],
		"priority": 1,
		"comment_count": 0,
		"creator": 34031584,
		"created": "2021-10-19T20:30:43.713550Z",
		"url": "https://todoist.com/showTask?id=5256323090"
	},
	{
		"id": 5256323224,
		"assigner": 0,
		"project_id": 2275777802,
		"section_id": 64907921,
		"parent": 5256322645,
		"parent_id": 5256322645,
		"order": 2,
		"content": "Мази",
		"description": "",
		"completed": false,
		"label_ids": [],
		"priority": 1,
		"comment_count": 0,
		"creator": 34031584,
		"created": "2021-10-19T20:30:47.745388Z",
		"url": "https://todoist.com/showTask?id=5256323224"
	},
	{
		"id": 5256363153,
		"assigner": 0,
		"project_id": 2281200101,
		"section_id": 0,
		"order": 1,
		"content": "Завести множество знакомств",
		"description": "",
		"completed": false,
		"label_ids": [],
		"priority": 1,
		"comment_count": 0,
		"creator": 34031584,
		"created": "2021-10-19T20:48:19.939217Z",
		"url": "https://todoist.com/showTask?id=5256363153"
	},
	{
		"id": 5256363667,
		"assigner": 0,
		"project_id": 2281200101,
		"section_id": 0,
		"parent": 5256363153,
		"parent_id": 5256363153,
		"order": 1,
		"content": "Завтракать на работе с ребятами",
		"description": "",
		"completed": false,
		"label_ids": [],
		"priority": 1,
		"comment_count": 0,
		"creator": 34031584,
		"created": "2021-10-19T20:48:33.821440Z",
		"url": "https://todoist.com/showTask?id=5256363667"
	},
	{
		"id": 5327294800,
		"assigner": 0,
		"project_id": 2276172551,
		"section_id": 0,
		"order": 2,
		"content": "Заносить ежедневн расходв",
		"description": "",
		"completed": false,
		"label_ids": [],
		"priority": 1,
		"comment_count": 0,
		"creator": 34031584,
		"created": "2021-11-13T18:53:28.603491Z",
		"url": "https://todoist.com/showTask?id=5327294800"
	},
	{
		"id": 5327294811,
		"assigner": 0,
		"project_id": 2276172551,
		"section_id": 0,
		"order": 3,
		"content": "Планирование бюджета",
		"description": "",
		"completed": false,
		"label_ids": [],
		"priority": 1,
		"comment_count": 0,
		"creator": 34031584,
		"created": "2021-11-13T18:53:28.949517Z",
		"due": {
			"date": "2022-06-25",
			"string": "every 10,25",
			"lang": "en",
			"recurring": true
		},
		"url": "https://todoist.com/showTask?id=5327294811"
	},
	{
		"id": 5547741827,
		"assigner": 0,
		"project_id": 2276172551,
		"section_id": 0,
		"order": 1,
		"content": "Купить акции",
		"description": "",
		"completed": false,
		"label_ids": [],
		"priority": 1,
		"comment_count": 0,
		"creator": 34031584,
		"created": "2022-01-30T09:45:01.302271Z",
		"url": "https://todoist.com/showTask?id=5547741827"
	},
	{
		"id": 5547741989,
		"assigner": 0,
		"project_id": 2276172551,
		"section_id": 0,
		"parent": 5547741827,
		"parent_id": 5547741827,
		"order": 1,
		"content": "Сбербанк",
		"description": "",
		"completed": false,
		"label_ids": [],
		"priority": 1,
		"comment_count": 0,
		"creator": 34031584,
		"created": "2022-01-30T09:45:10.615492Z",
		"url": "https://todoist.com/showTask?id=5547741989"
	},
	{
		"id": 5597217273,
		"assigner": 0,
		"project_id": 2276173208,
		"section_id": 0,
		"parent": 5235515684,
		"parent_id": 5235515684,
		"order": 1,
		"content": "Узнать как с обработкой",
		"description": "",
		"completed": false,
		"label_ids": [],
		"priority": 1,
		"comment_count": 0,
		"creator": 34031584,
		"created": "2022-02-15T09:24:13.999561Z",
		"url": "https://todoist.com/showTask?id=5597217273"
	},
	{
		"id": 5597218664,
		"assigner": 0,
		"project_id": 2276173208,
		"section_id": 81776343,
		"parent": 5249132277,
		"parent_id": 5249132277,
		"order": 5,
		"content": "Подготовить партию фото для обработки",
		"description": "",
		"completed": false,
		"label_ids": [],
		"priority": 1,
		"comment_count": 0,
		"creator": 34031584,
		"created": "2022-02-15T09:24:47.668047Z",
		"url": "https://todoist.com/showTask?id=5597218664"
	},
	{
		"id": 5604949170,
		"assigner": 0,
		"project_id": 2275765087,
		"section_id": 86339079,
		"order": 1,
		"content": "Уборка",
		"description": "",
		"completed": false,
		"label_ids": [],
		"priority": 1,
		"comment_count": 0,
		"creator": 34031584,
		"created": "2022-02-17T11:51:07.071071Z",
		"due": {
			"date": "2022-06-18",
			"string": "каждую субботу 16:00",
			"lang": "ru",
			"datetime": "2022-06-18T16:00:00",
			"recurring": true
		},
		"url": "https://todoist.com/showTask?id=5604949170"
	},
	{
		"id": 5623015315,
		"assigner": 0,
		"project_id": 2275765087,
		"section_id": 81773848,
		"order": 2,
		"content": "Ssd на Mac",
		"description": "",
		"completed": false,
		"label_ids": [],
		"priority": 1,
		"comment_count": 0,
		"creator": 34031584,
		"created": "2022-02-23T15:13:18.439430Z",
		"url": "https://todoist.com/showTask?id=5623015315"
	},
	{
		"id": 5645686336,
		"assigner": 0,
		"project_id": 2275765259,
		"section_id": 64821074,
		"order": 2,
		"content": "Месячное планирование",
		"description": "",
		"completed": false,
		"label_ids": [],
		"priority": 1,
		"comment_count": 0,
		"creator": 34031584,
		"created": "2022-03-03T16:02:16.036765Z",
		"due": {
			"date": "2022-07-31",
			"string": "каждое последнее вс",
			"lang": "ru",
			"recurring": true
		},
		"url": "https://todoist.com/showTask?id=5645686336"
	},
	{
		"id": 5646073834,
		"assigner": 0,
		"project_id": 2275777802,
		"section_id": 81774515,
		"order": 0,
		"content": "Полное обследование",
		"description": "",
		"completed": false,
		"label_ids": [],
		"priority": 1,
		"comment_count": 0,
		"creator": 34031584,
		"created": "2022-03-03T18:18:13.595714Z",
		"url": "https://todoist.com/showTask?id=5646073834"
	},
	{
		"id": 5646073994,
		"assigner": 0,
		"project_id": 2275777802,
		"section_id": 81774515,
		"order": 1,
		"content": "Зубы",
		"description": "",
		"completed": false,
		"label_ids": [],
		"priority": 1,
		"comment_count": 0,
		"creator": 34031584,
		"created": "2022-03-03T18:18:18.030339Z",
		"url": "https://todoist.com/showTask?id=5646073994"
	},
	{
		"id": 5646080195,
		"assigner": 0,
		"project_id": 2275777802,
		"section_id": 64907921,
		"order": 4,
		"content": "Собрать луки (купить одежду)",
		"description": "",
		"completed": false,
		"label_ids": [],
		"priority": 1,
		"comment_count": 0,
		"creator": 34031584,
		"created": "2022-03-03T18:20:23.764499Z",
		"url": "https://todoist.com/showTask?id=5646080195"
	},
	{
		"id": 5708070323,
		"assigner": 0,
		"project_id": 2286290517,
		"section_id": 81776082,
		"order": 2,
		"content": "Резюме на английском",
		"description": "",
		"completed": false,
		"label_ids": [],
		"priority": 1,
		"comment_count": 0,
		"creator": 34031584,
		"created": "2022-03-25T18:58:16.706478Z",
		"url": "https://todoist.com/showTask?id=5708070323"
	},
	{
		"id": 5708071056,
		"assigner": 0,
		"project_id": 2286290517,
		"section_id": 81776082,
		"parent": 5708070323,
		"parent_id": 5708070323,
		"order": 1,
		"content": "Найти хороший шаблон и написать скелет",
		"description": "",
		"completed": false,
		"label_ids": [],
		"priority": 1,
		"comment_count": 0,
		"creator": 34031584,
		"created": "2022-03-25T18:58:33.779646Z",
		"url": "https://todoist.com/showTask?id=5708071056"
	},
	{
		"id": 5725459615,
		"assigner": 0,
		"project_id": 2266102370,
		"section_id": 81771478,
		"order": -2,
		"content": "Кастомный плагин для Суперсета",
		"description": "",
		"completed": false,
		"label_ids": [],
		"priority": 1,
		"comment_count": 0,
		"creator": 34031584,
		"created": "2022-03-31T14:41:13.351398Z",
		"due": {
			"date": "2022-06-20",
			"string": "каждый рабочий день",
			"lang": "ru",
			"recurring": true
		},
		"url": "https://todoist.com/showTask?id=5725459615"
	},
	{
		"id": 5739818460,
		"assigner": 0,
		"project_id": 2266102370,
		"section_id": 81771478,
		"order": -1,
		"content": "Авантаж суперсет",
		"description": "",
		"completed": false,
		"label_ids": [],
		"priority": 1,
		"comment_count": 0,
		"creator": 34031584,
		"created": "2022-04-05T17:17:28.358303Z",
		"url": "https://todoist.com/showTask?id=5739818460"
	},
	{
		"id": 5751035089,
		"assigner": 0,
		"project_id": 2266102370,
		"section_id": 81771478,
		"parent": 5739818460,
		"parent_id": 5739818460,
		"order": 5,
		"content": "Датчики с name == null",
		"description": "",
		"completed": false,
		"label_ids": [],
		"priority": 1,
		"comment_count": 0,
		"creator": 34031584,
		"created": "2022-04-09T15:45:18.625340Z",
		"url": "https://todoist.com/showTask?id=5751035089"
	},
	{
		"id": 5752929703,
		"assigner": 0,
		"project_id": 2286290517,
		"section_id": 81776082,
		"order": 1,
		"content": "Записаться на курс skyeng",
		"description": "",
		"completed": false,
		"label_ids": [],
		"priority": 1,
		"comment_count": 0,
		"creator": 34031584,
		"created": "2022-04-10T16:39:02.155002Z",
		"url": "https://todoist.com/showTask?id=5752929703"
	},
	{
		"id": 5759898835,
		"assigner": 0,
		"project_id": 2275765259,
		"section_id": 64821074,
		"order": 3,
		"content": "Недельное планирование",
		"description": "",
		"completed": false,
		"label_ids": [],
		"priority": 1,
		"comment_count": 0,
		"creator": 34031584,
		"created": "2022-04-12T19:15:25.559215Z",
		"url": "https://todoist.com/showTask?id=5759898835"
	},
	{
		"id": 5759932208,
		"assigner": 0,
		"project_id": 2276173208,
		"section_id": 81776343,
		"parent": 5249132277,
		"parent_id": 5249132277,
		"order": 1,
		"content": "Смотивировать на работу",
		"description": "",
		"completed": false,
		"label_ids": [],
		"priority": 1,
		"comment_count": 0,
		"creator": 34031584,
		"created": "2022-04-12T19:28:53.472340Z",
		"url": "https://todoist.com/showTask?id=5759932208"
	},
	{
		"id": 5767481880,
		"assigner": 0,
		"project_id": 2276173208,
		"section_id": 0,
		"order": 4,
		"content": "Чат для всей семьи",
		"description": "",
		"completed": false,
		"label_ids": [],
		"priority": 1,
		"comment_count": 0,
		"creator": 34031584,
		"created": "2022-04-15T12:04:18.866235Z",
		"url": "https://todoist.com/showTask?id=5767481880"
	},
	{
		"id": 5772717386,
		"assigner": 0,
		"project_id": 2266102370,
		"section_id": 81771478,
		"parent": 5739818460,
		"parent_id": 5739818460,
		"order": -2,
		"content": "Карта",
		"description": "",
		"completed": false,
		"label_ids": [],
		"priority": 1,
		"comment_count": 0,
		"creator": 34031584,
		"created": "2022-04-18T08:24:26.570175Z",
		"url": "https://todoist.com/showTask?id=5772717386"
	},
	{
		"id": 5772718129,
		"assigner": 0,
		"project_id": 2266102370,
		"section_id": 81771478,
		"parent": 5739818460,
		"parent_id": 5739818460,
		"order": 2,
		"content": "Переходы линки",
		"description": "",
		"completed": false,
		"label_ids": [],
		"priority": 1,
		"comment_count": 0,
		"creator": 34031584,
		"created": "2022-04-18T08:24:43.936940Z",
		"url": "https://todoist.com/showTask?id=5772718129"
	},
	{
		"id": 5774389598,
		"assigner": 0,
		"project_id": 2286290517,
		"section_id": 81776082,
		"parent": 5752929703,
		"parent_id": 5752929703,
		"order": 1,
		"content": "Промокод на разговорные клубы",
		"description": "SBT21RK",
		"completed": false,
		"label_ids": [],
		"priority": 1,
		"comment_count": 0,
		"creator": 34031584,
		"created": "2022-04-18T19:23:09.929715Z",
		"url": "https://todoist.com/showTask?id=5774389598"
	},
	{
		"id": 5774405268,
		"assigner": 0,
		"project_id": 2286290517,
		"section_id": 81776082,
		"parent": 5752929703,
		"parent_id": 5752929703,
		"order": 2,
		"content": "STAYB2B",
		"description": "",
		"completed": false,
		"label_ids": [],
		"priority": 1,
		"comment_count": 0,
		"creator": 34031584,
		"created": "2022-04-18T19:29:24.790161Z",
		"url": "https://todoist.com/showTask?id=5774405268"
	},
	{
		"id": 5792795491,
		"assigner": 0,
		"project_id": 2266102370,
		"section_id": 87562692,
		"order": 2,
		"content": "Написать даг",
		"description": "",
		"completed": false,
		"label_ids": [],
		"priority": 1,
		"comment_count": 0,
		"creator": 34031584,
		"created": "2022-04-25T13:47:19.784531Z",
		"url": "https://todoist.com/showTask?id=5792795491"
	},
	{
		"id": 5792796192,
		"assigner": 0,
		"project_id": 2266102370,
		"section_id": 87562692,
		"order": 3,
		"content": "Запушить на сервер",
		"description": "",
		"completed": false,
		"label_ids": [],
		"priority": 1,
		"comment_count": 0,
		"creator": 34031584,
		"created": "2022-04-25T13:47:29.608456Z",
		"url": "https://todoist.com/showTask?id=5792796192"
	},
	{
		"id": 5792801353,
		"assigner": 0,
		"project_id": 2266102370,
		"section_id": 87562692,
		"order": 5,
		"content": "Оптимизация Дага и скриптов",
		"description": "",
		"completed": false,
		"label_ids": [],
		"priority": 1,
		"comment_count": 0,
		"creator": 34031584,
		"created": "2022-04-25T13:48:51.501505Z",
		"url": "https://todoist.com/showTask?id=5792801353"
	},
	{
		"id": 5839496860,
		"assigner": 0,
		"project_id": 2275777802,
		"section_id": 81774515,
		"order": 2,
		"content": "Лор",
		"description": "",
		"completed": false,
		"label_ids": [],
		"priority": 1,
		"comment_count": 0,
		"creator": 34031584,
		"created": "2022-05-12T07:20:15.875803Z",
		"due": {
			"date": "2022-07-08",
			"string": "8 июля",
			"lang": "ru",
			"recurring": false
		},
		"url": "https://todoist.com/showTask?id=5839496860"
	},
	{
		"id": 5868607993,
		"assigner": 0,
		"project_id": 2266102370,
		"section_id": 87562692,
		"order": -1,
		"content": "Глубина данных",
		"description": "",
		"completed": false,
		"label_ids": [],
		"priority": 1,
		"comment_count": 0,
		"creator": 34031584,
		"created": "2022-05-23T08:32:46.803662Z",
		"url": "https://todoist.com/showTask?id=5868607993"
	},
	{
		"id": 5878662236,
		"assigner": 0,
		"project_id": 2281199547,
		"section_id": 81772874,
		"order": 1,
		"content": "Настройка звука",
		"description": "",
		"completed": false,
		"label_ids": [],
		"priority": 1,
		"comment_count": 0,
		"creator": 34031584,
		"created": "2022-05-26T13:21:55.532397Z",
		"url": "https://todoist.com/showTask?id=5878662236"
	},
	{
		"id": 5878662629,
		"assigner": 0,
		"project_id": 2281199547,
		"section_id": 81772874,
		"order": 2,
		"content": "Накидать идеи",
		"description": "",
		"completed": false,
		"label_ids": [],
		"priority": 1,
		"comment_count": 0,
		"creator": 34031584,
		"created": "2022-05-26T13:22:04.818810Z",
		"url": "https://todoist.com/showTask?id=5878662629"
	},
	{
		"id": 5878662812,
		"assigner": 0,
		"project_id": 2281199547,
		"section_id": 81772874,
		"order": 3,
		"content": "Записать пилот",
		"description": "",
		"completed": false,
		"label_ids": [],
		"priority": 1,
		"comment_count": 0,
		"creator": 34031584,
		"created": "2022-05-26T13:22:09.260926Z",
		"url": "https://todoist.com/showTask?id=5878662812"
	},
	{
		"id": 5879470567,
		"assigner": 0,
		"project_id": 2281199547,
		"section_id": 81772874,
		"order": 4,
		"content": "Оформление",
		"description": "",
		"completed": false,
		"label_ids": [],
		"priority": 1,
		"comment_count": 0,
		"creator": 34031584,
		"created": "2022-05-26T18:41:22.062786Z",
		"url": "https://todoist.com/showTask?id=5879470567"
	},
	{
		"id": 5879471200,
		"assigner": 0,
		"project_id": 2281199547,
		"section_id": 81772874,
		"parent": 5879470567,
		"parent_id": 5879470567,
		"order": 1,
		"content": "Лоу фай треки на паузу",
		"description": "",
		"completed": false,
		"label_ids": [],
		"priority": 1,
		"comment_count": 0,
		"creator": 34031584,
		"created": "2022-05-26T18:41:39.589860Z",
		"url": "https://todoist.com/showTask?id=5879471200"
	},
	{
		"id": 5879471507,
		"assigner": 0,
		"project_id": 2281199547,
		"section_id": 81772874,
		"parent": 5879470567,
		"parent_id": 5879470567,
		"order": 2,
		"content": "Трек на интро",
		"description": "",
		"completed": false,
		"label_ids": [],
		"priority": 1,
		"comment_count": 0,
		"creator": 34031584,
		"created": "2022-05-26T18:41:48.666870Z",
		"url": "https://todoist.com/showTask?id=5879471507"
	},
	{
		"id": 5879471858,
		"assigner": 0,
		"project_id": 2281199547,
		"section_id": 81772874,
		"parent": 5879470567,
		"parent_id": 5879470567,
		"order": 3,
		"content": "Логотип",
		"description": "",
		"completed": false,
		"label_ids": [],
		"priority": 1,
		"comment_count": 0,
		"creator": 34031584,
		"created": "2022-05-26T18:42:00.679781Z",
		"url": "https://todoist.com/showTask?id=5879471858"
	},
	{
		"id": 5879472082,
		"assigner": 0,
		"project_id": 2281199547,
		"section_id": 81772874,
		"parent": 5879470567,
		"parent_id": 5879470567,
		"order": 4,
		"content": "Название",
		"description": "",
		"completed": false,
		"label_ids": [],
		"priority": 1,
		"comment_count": 0,
		"creator": 34031584,
		"created": "2022-05-26T18:42:06.535625Z",
		"url": "https://todoist.com/showTask?id=5879472082"
	},
	{
		"id": 5879472092,
		"assigner": 0,
		"project_id": 2281199547,
		"section_id": 81772874,
		"parent": 5879470567,
		"parent_id": 5879470567,
		"order": 5,
		"content": "Стиль",
		"description": "",
		"completed": false,
		"label_ids": [],
		"priority": 1,
		"comment_count": 0,
		"creator": 34031584,
		"created": "2022-05-26T18:42:06.713378Z",
		"url": "https://todoist.com/showTask?id=5879472092"
	},
	{
		"id": 5879478996,
		"assigner": 0,
		"project_id": 2281199547,
		"section_id": 81772874,
		"parent": 5879470567,
		"parent_id": 5879470567,
		"order": 6,
		"content": "Расположение в кадре, продумать чтобы выглядело хорошо",
		"description": "Люди, стол, обьекты",
		"completed": false,
		"label_ids": [],
		"priority": 1,
		"comment_count": 0,
		"creator": 34031584,
		"created": "2022-05-26T18:45:07.753281Z",
		"url": "https://todoist.com/showTask?id=5879478996"
	},
	{
		"id": 5879481388,
		"assigner": 0,
		"project_id": 2281199547,
		"section_id": 81772874,
		"parent": 5879470567,
		"parent_id": 5879470567,
		"order": 7,
		"content": "Видео",
		"description": "",
		"completed": false,
		"label_ids": [],
		"priority": 1,
		"comment_count": 0,
		"creator": 34031584,
		"created": "2022-05-26T18:46:23.190596Z",
		"url": "https://todoist.com/showTask?id=5879481388"
	},
	{
		"id": 5879481692,
		"assigner": 0,
		"project_id": 2281199547,
		"section_id": 81772874,
		"parent": 5879481388,
		"parent_id": 5879481388,
		"order": 1,
		"content": "Тайм коды",
		"description": "",
		"completed": false,
		"label_ids": [],
		"priority": 1,
		"comment_count": 0,
		"creator": 34031584,
		"created": "2022-05-26T18:46:32.203746Z",
		"url": "https://todoist.com/showTask?id=5879481692"
	},
	{
		"id": 5879481812,
		"assigner": 0,
		"project_id": 2281199547,
		"section_id": 81772874,
		"parent": 5879481388,
		"parent_id": 5879481388,
		"order": 2,
		"content": "Ссылки",
		"description": "",
		"completed": false,
		"label_ids": [],
		"priority": 1,
		"comment_count": 0,
		"creator": 34031584,
		"created": "2022-05-26T18:46:35.836127Z",
		"url": "https://todoist.com/showTask?id=5879481812"
	},
	{
		"id": 5879482097,
		"assigner": 0,
		"project_id": 2281199547,
		"section_id": 81772874,
		"parent": 5879481388,
		"parent_id": 5879481388,
		"order": 3,
		"content": "Описание и инфа",
		"description": "",
		"completed": false,
		"label_ids": [],
		"priority": 1,
		"comment_count": 0,
		"creator": 34031584,
		"created": "2022-05-26T18:46:44.238632Z",
		"url": "https://todoist.com/showTask?id=5879482097"
	},
	{
		"id": 5879522058,
		"assigner": 0,
		"project_id": 2281199547,
		"section_id": 81772874,
		"parent": 5878662629,
		"parent_id": 5878662629,
		"order": 1,
		"content": "Тема 1 или 2 общие и под них много тезисов для разгона если будет провис",
		"description": "",
		"completed": false,
		"label_ids": [],
		"priority": 1,
		"comment_count": 0,
		"creator": 34031584,
		"created": "2022-05-26T19:04:49.402034Z",
		"url": "https://todoist.com/showTask?id=5879522058"
	},
	{
		"id": 5879523265,
		"assigner": 0,
		"project_id": 2281199547,
		"section_id": 81772874,
		"parent": 5878662629,
		"parent_id": 5878662629,
		"order": 2,
		"content": "Ещё вариант как в подкасте о философии, лектор вещает а другие вкидывают",
		"description": "",
		"completed": false,
		"label_ids": [],
		"priority": 1,
		"comment_count": 0,
		"creator": 34031584,
		"created": "2022-05-26T19:05:21.884185Z",
		"url": "https://todoist.com/showTask?id=5879523265"
	},
	{
		"id": 5879524659,
		"assigner": 0,
		"project_id": 2281199547,
		"section_id": 81772874,
		"parent": 5879522058,
		"parent_id": 5879522058,
		"order": 1,
		"content": "Люди мало думают",
		"description": "",
		"completed": false,
		"label_ids": [],
		"priority": 1,
		"comment_count": 0,
		"creator": 34031584,
		"created": "2022-05-26T19:06:03.235464Z",
		"url": "https://todoist.com/showTask?id=5879524659"
	},
	{
		"id": 5879532183,
		"assigner": 0,
		"project_id": 2281199547,
		"section_id": 81772874,
		"parent": 5878662629,
		"parent_id": 5878662629,
		"order": 3,
		"content": "Базар за жизнь, но для этого хорошо бы бэкграунд знать",
		"description": "",
		"completed": false,
		"label_ids": [],
		"priority": 1,
		"comment_count": 0,
		"creator": 34031584,
		"created": "2022-05-26T19:09:05.065200Z",
		"url": "https://todoist.com/showTask?id=5879532183"
	},
	{
		"id": 5879602136,
		"assigner": 0,
		"project_id": 2281199547,
		"section_id": 81772874,
		"parent": 5878662629,
		"parent_id": 5878662629,
		"order": 4,
		"content": "Книжный клуб, с дерьмовыми книгами",
		"description": "",
		"completed": false,
		"label_ids": [],
		"priority": 1,
		"comment_count": 0,
		"creator": 34031584,
		"created": "2022-05-26T19:41:49.160066Z",
		"url": "https://todoist.com/showTask?id=5879602136"
	},
	{
		"id": 5883067554,
		"assigner": 0,
		"project_id": 2281199547,
		"section_id": 81772874,
		"parent": 5879472092,
		"parent_id": 5879472092,
		"order": 1,
		"content": "Греческие статуи и граффити",
		"description": "",
		"completed": false,
		"label_ids": [],
		"priority": 1,
		"comment_count": 0,
		"creator": 34031584,
		"created": "2022-05-28T07:56:04.963611Z",
		"url": "https://todoist.com/showTask?id=5883067554"
	},
	{
		"id": 5887669635,
		"assigner": 0,
		"project_id": 2266102370,
		"section_id": 87562499,
		"order": 1,
		"content": "DE обучение, См ноушен",
		"description": "",
		"completed": false,
		"label_ids": [],
		"priority": 1,
		"comment_count": 0,
		"creator": 34031584,
		"created": "2022-05-30T12:18:38.529152Z",
		"due": {
			"date": "2022-06-17",
			"string": "каждый рабочий день",
			"lang": "ru",
			"recurring": true
		},
		"url": "https://todoist.com/showTask?id=5887669635"
	},
	{
		"id": 5887756094,
		"assigner": 0,
		"project_id": 2266102370,
		"section_id": 0,
		"order": 1,
		"content": "Вопросы к амине",
		"description": "",
		"completed": false,
		"label_ids": [],
		"priority": 1,
		"comment_count": 0,
		"creator": 34031584,
		"created": "2022-05-30T12:48:55.173259Z",
		"url": "https://todoist.com/showTask?id=5887756094"
	},
	{
		"id": 5887756885,
		"assigner": 0,
		"project_id": 2266102370,
		"section_id": 0,
		"parent": 5887756094,
		"parent_id": 5887756094,
		"order": 1,
		"content": "Что вообще происходит в новом отделе",
		"description": "",
		"completed": false,
		"label_ids": [],
		"priority": 1,
		"comment_count": 0,
		"creator": 34031584,
		"created": "2022-05-30T12:49:11.406927Z",
		"url": "https://todoist.com/showTask?id=5887756885"
	},
	{
		"id": 5887757813,
		"assigner": 0,
		"project_id": 2266102370,
		"section_id": 0,
		"parent": 5887756094,
		"parent_id": 5887756094,
		"order": 2,
		"content": "Не будет проекта на котором она ПМ",
		"description": "",
		"completed": false,
		"label_ids": [],
		"priority": 1,
		"comment_count": 0,
		"creator": 34031584,
		"created": "2022-05-30T12:49:27.945869Z",
		"url": "https://todoist.com/showTask?id=5887757813"
	},
	{
		"id": 5887759647,
		"assigner": 0,
		"project_id": 2266102370,
		"section_id": 0,
		"parent": 5887756094,
		"parent_id": 5887756094,
		"order": 3,
		"content": "Напомнить что я не планировал заниматься визуализацией, поэтому и остался",
		"description": "",
		"completed": false,
		"label_ids": [],
		"priority": 1,
		"comment_count": 0,
		"creator": 34031584,
		"created": "2022-05-30T12:50:01.065829Z",
		"url": "https://todoist.com/showTask?id=5887759647"
	},
	{
		"id": 5896613358,
		"assigner": 0,
		"project_id": 2266102370,
		"section_id": 87562692,
		"parent": 5792801353,
		"parent_id": 5792801353,
		"order": 1,
		"content": "Медленная вьюха сенсоров",
		"description": "",
		"completed": false,
		"label_ids": [],
		"priority": 1,
		"comment_count": 0,
		"creator": 34031584,
		"created": "2022-06-02T08:59:48.334291Z",
		"url": "https://todoist.com/showTask?id=5896613358"
	},
	{
		"id": 5896704628,
		"assigner": 0,
		"project_id": 2266102370,
		"section_id": 0,
		"parent": 5887756094,
		"parent_id": 5887756094,
		"order": 4,
		"content": "Обсудить письмо",
		"description": "",
		"completed": false,
		"label_ids": [],
		"priority": 1,
		"comment_count": 0,
		"creator": 34031584,
		"created": "2022-06-02T09:39:41.802175Z",
		"url": "https://todoist.com/showTask?id=5896704628"
	},
	{
		"id": 5896713653,
		"assigner": 0,
		"project_id": 2266102370,
		"section_id": 81771478,
		"order": -3,
		"content": "Форк суперсета",
		"description": "",
		"completed": false,
		"label_ids": [],
		"priority": 1,
		"comment_count": 0,
		"creator": 34031584,
		"created": "2022-06-02T09:43:44.104959Z",
		"url": "https://todoist.com/showTask?id=5896713653"
	},
	{
		"id": 5896714103,
		"assigner": 0,
		"project_id": 2266102370,
		"section_id": 81771478,
		"parent": 5896713653,
		"parent_id": 5896713653,
		"order": 1,
		"content": "Разворачивать в кубере",
		"description": "",
		"completed": false,
		"label_ids": [],
		"priority": 1,
		"comment_count": 0,
		"creator": 34031584,
		"created": "2022-06-02T09:43:58.237230Z",
		"url": "https://todoist.com/showTask?id=5896714103"
	},
	{
		"id": 5897023762,
		"assigner": 0,
		"project_id": 2266102370,
		"section_id": 81771478,
		"parent": 5896713653,
		"parent_id": 5896713653,
		"order": 2,
		"content": "Внесённые правки iot",
		"description": "",
		"completed": false,
		"label_ids": [],
		"priority": 1,
		"comment_count": 0,
		"creator": 34031584,
		"created": "2022-06-02T11:59:13.934576Z",
		"url": "https://todoist.com/showTask?id=5897023762"
	},
	{
		"id": 5897024550,
		"assigner": 0,
		"project_id": 2266102370,
		"section_id": 81771478,
		"parent": 5897023762,
		"parent_id": 5897023762,
		"order": 1,
		"content": "Логирование",
		"description": "Конфиг + исходники",
		"completed": false,
		"label_ids": [],
		"priority": 1,
		"comment_count": 0,
		"creator": 34031584,
		"created": "2022-06-02T11:59:34.966324Z",
		"url": "https://todoist.com/showTask?id=5897024550"
	},
	{
		"id": 5897025394,
		"assigner": 0,
		"project_id": 2266102370,
		"section_id": 81771478,
		"parent": 5897023762,
		"parent_id": 5897023762,
		"order": 2,
		"content": "Бесшовная авторизация",
		"description": "Конфиг",
		"completed": false,
		"label_ids": [],
		"priority": 1,
		"comment_count": 0,
		"creator": 34031584,
		"created": "2022-06-02T11:59:55.864928Z",
		"url": "https://todoist.com/showTask?id=5897025394"
	},
	{
		"id": 5897042233,
		"assigner": 0,
		"project_id": 2266102370,
		"section_id": 81771478,
		"parent": 5897023762,
		"parent_id": 5897023762,
		"order": 3,
		"content": "Алерты",
		"description": "?",
		"completed": false,
		"label_ids": [],
		"priority": 1,
		"comment_count": 0,
		"creator": 34031584,
		"created": "2022-06-02T12:07:11.568737Z",
		"url": "https://todoist.com/showTask?id=5897042233"
	},
	{
		"id": 5897046098,
		"assigner": 0,
		"project_id": 2266102370,
		"section_id": 81771478,
		"parent": 5897023762,
		"parent_id": 5897023762,
		"order": 4,
		"content": "Выгрузка эксель",
		"description": "Исходники",
		"completed": false,
		"label_ids": [],
		"priority": 1,
		"comment_count": 0,
		"creator": 34031584,
		"created": "2022-06-02T12:08:25.587844Z",
		"url": "https://todoist.com/showTask?id=5897046098"
	},
	{
		"id": 5897055801,
		"assigner": 0,
		"project_id": 2266102370,
		"section_id": 81771478,
		"parent": 5897023762,
		"parent_id": 5897023762,
		"order": 5,
		"content": "Накатывают пропатченные файлы поверх общего образа",
		"description": "",
		"completed": false,
		"label_ids": [],
		"priority": 1,
		"comment_count": 0,
		"creator": 34031584,
		"created": "2022-06-02T12:12:25.075614Z",
		"url": "https://todoist.com/showTask?id=5897055801"
	},
	{
		"id": 5899541864,
		"assigner": 0,
		"project_id": 2266102370,
		"section_id": 81771478,
		"parent": 5739818460,
		"parent_id": 5739818460,
		"order": -3,
		"content": "Проверка корректности данных",
		"description": "",
		"completed": false,
		"label_ids": [],
		"priority": 1,
		"comment_count": 0,
		"creator": 34031584,
		"created": "2022-06-03T09:07:39.784868Z",
		"url": "https://todoist.com/showTask?id=5899541864"
	},
	{
		"id": 5909363826,
		"assigner": 0,
		"project_id": 2266101084,
		"section_id": 0,
		"order": 1,
		"content": "Почитать/разобраться в философских школах",
		"description": "",
		"completed": false,
		"label_ids": [],
		"priority": 1,
		"comment_count": 0,
		"creator": 34031584,
		"created": "2022-06-07T10:27:45.162937Z",
		"url": "https://todoist.com/showTask?id=5909363826"
	},
	{
		"id": 5916801391,
		"assigner": 0,
		"project_id": 2266101084,
		"section_id": 0,
		"order": 2,
		"content": "Попробовать создать свод принципов от глобальных к частным",
		"description": "",
		"completed": false,
		"label_ids": [],
		"priority": 1,
		"comment_count": 0,
		"creator": 34031584,
		"created": "2022-06-09T18:09:25.845773Z",
		"url": "https://todoist.com/showTask?id=5916801391"
	},
	{
		"id": 5923353409,
		"assigner": 0,
		"project_id": 2266101084,
		"section_id": 0,
		"order": 3,
		"content": "Перебрать заметки",
		"description": "",
		"completed": false,
		"label_ids": [],
		"priority": 1,
		"comment_count": 0,
		"creator": 34031584,
		"created": "2022-06-12T20:02:58.249054Z",
		"url": "https://todoist.com/showTask?id=5923353409"
	},
	{
		"id": 5923354558,
		"assigner": 0,
		"project_id": 2266101084,
		"section_id": 0,
		"order": 4,
		"content": "Расширить словарный запас",
		"description": "",
		"completed": false,
		"label_ids": [],
		"priority": 1,
		"comment_count": 0,
		"creator": 34031584,
		"created": "2022-06-12T20:03:35.338274Z",
		"url": "https://todoist.com/showTask?id=5923354558"
	},
	{
		"id": 5923355186,
		"assigner": 0,
		"project_id": 2266101084,
		"section_id": 0,
		"order": 5,
		"content": "Гуглить новые термины (Заметки)",
		"description": "",
		"completed": false,
		"label_ids": [],
		"priority": 1,
		"comment_count": 0,
		"creator": 34031584,
		"created": "2022-06-12T20:03:57.277281Z",
		"url": "https://todoist.com/showTask?id=5923355186"
	},
	{
		"id": 5936723288,
		"assigner": 0,
		"project_id": 2276172551,
		"section_id": 0,
		"order": 4,
		"content": "Вывести доллары с брокерского счета",
		"description": "",
		"completed": false,
		"label_ids": [],
		"priority": 1,
		"comment_count": 0,
		"creator": 34031584,
		"created": "2022-06-17T11:24:00.240920Z",
		"due": {
			"date": "2022-06-20",
			"string": "20 июня",
			"lang": "ru",
			"recurring": false
		},
		"url": "https://todoist.com/showTask?id=5936723288"
	}
]

[2022-06-21 12:47:07,260] {taskinstance.py:1272} INFO - Marking task as SUCCESS. dag_id=todoist_load_to_pg, task_id=task_get_tasks, execution_date=20220621T124656, start_date=20220621T124706, end_date=20220621T124707
[2022-06-21 12:47:07,321] {local_task_job.py:154} INFO - Task exited with return code 0
[2022-06-21 12:47:07,360] {local_task_job.py:264} INFO - 1 downstream tasks scheduled from follow-on schedule check
