[2022-06-21 12:49:49,806] {taskinstance.py:1037} INFO - Dependencies all met for <TaskInstance: todoist_load_to_pg.task_api_active_sections manual__2022-06-21T12:49:46.814222+00:00 [queued]>
[2022-06-21 12:49:49,835] {taskinstance.py:1037} INFO - Dependencies all met for <TaskInstance: todoist_load_to_pg.task_api_active_sections manual__2022-06-21T12:49:46.814222+00:00 [queued]>
[2022-06-21 12:49:49,837] {taskinstance.py:1243} INFO - 
--------------------------------------------------------------------------------
[2022-06-21 12:49:49,837] {taskinstance.py:1244} INFO - Starting attempt 1 of 1
[2022-06-21 12:49:49,838] {taskinstance.py:1245} INFO - 
--------------------------------------------------------------------------------
[2022-06-21 12:49:49,897] {taskinstance.py:1264} INFO - Executing <Task(HttpSensor): task_api_active_sections> on 2022-06-21 12:49:46.814222+00:00
[2022-06-21 12:49:49,904] {standard_task_runner.py:52} INFO - Started process 218 to run task
[2022-06-21 12:49:49,917] {standard_task_runner.py:76} INFO - Running: ['airflow', 'tasks', 'run', 'todoist_load_to_pg', 'task_api_active_sections', 'manual__2022-06-21T12:49:46.814222+00:00', '--job-id', '549', '--raw', '--subdir', 'DAGS_FOLDER/todoist_load_to_pg.py', '--cfg-path', '/tmp/tmphoeldewf', '--error-file', '/tmp/tmp2_36jtuk']
[2022-06-21 12:49:49,919] {standard_task_runner.py:77} INFO - Job 549: Subtask task_api_active_sections
[2022-06-21 12:49:50,017] {logging_mixin.py:109} INFO - Running <TaskInstance: todoist_load_to_pg.task_api_active_sections manual__2022-06-21T12:49:46.814222+00:00 [running]> on host bd658c040114
[2022-06-21 12:49:50,107] {taskinstance.py:1429} INFO - Exporting the following env vars:
AIRFLOW_CTX_DAG_OWNER=emil
AIRFLOW_CTX_DAG_ID=todoist_load_to_pg
AIRFLOW_CTX_TASK_ID=task_api_active_sections
AIRFLOW_CTX_EXECUTION_DATE=2022-06-21T12:49:46.814222+00:00
AIRFLOW_CTX_DAG_RUN_ID=manual__2022-06-21T12:49:46.814222+00:00
[2022-06-21 12:49:50,108] {http.py:96} INFO - Poking: sections
[2022-06-21 12:49:50,122] {base.py:70} INFO - Using connection to: id: todo_conn. Host: https://api.todoist.com/rest/v1, Port: None, Schema: https, Login: , Password: ***, extra: {'authorization': '***'}
[2022-06-21 12:49:50,124] {http.py:129} INFO - Sending 'GET' to url: https://api.todoist.com/rest/v1/sections
[2022-06-21 12:49:50,591] {base.py:251} INFO - Success criteria met. Exiting.
[2022-06-21 12:49:50,607] {taskinstance.py:1272} INFO - Marking task as SUCCESS. dag_id=todoist_load_to_pg, task_id=task_api_active_sections, execution_date=20220621T124946, start_date=20220621T124949, end_date=20220621T124950
[2022-06-21 12:49:50,661] {local_task_job.py:154} INFO - Task exited with return code 0
[2022-06-21 12:49:50,709] {local_task_job.py:264} INFO - 1 downstream tasks scheduled from follow-on schedule check
