[2022-06-07 10:40:56,060] {taskinstance.py:1037} INFO - Dependencies all met for <TaskInstance: todoist_load_to_pg.log_ifo manual__2022-06-07T10:40:51.051363+00:00 [queued]>
[2022-06-07 10:40:56,072] {taskinstance.py:1037} INFO - Dependencies all met for <TaskInstance: todoist_load_to_pg.log_ifo manual__2022-06-07T10:40:51.051363+00:00 [queued]>
[2022-06-07 10:40:56,073] {taskinstance.py:1243} INFO - 
--------------------------------------------------------------------------------
[2022-06-07 10:40:56,074] {taskinstance.py:1244} INFO - Starting attempt 1 of 1
[2022-06-07 10:40:56,075] {taskinstance.py:1245} INFO - 
--------------------------------------------------------------------------------
[2022-06-07 10:40:56,088] {taskinstance.py:1264} INFO - Executing <Task(PythonOperator): log_ifo> on 2022-06-07 10:40:51.051363+00:00
[2022-06-07 10:40:56,092] {standard_task_runner.py:52} INFO - Started process 160 to run task
[2022-06-07 10:40:56,100] {standard_task_runner.py:76} INFO - Running: ['airflow', 'tasks', 'run', 'todoist_load_to_pg', 'log_ifo', 'manual__2022-06-07T10:40:51.051363+00:00', '--job-id', '430', '--raw', '--subdir', 'DAGS_FOLDER/todoist_load_to_pg.py', '--cfg-path', '/tmp/tmpl8o4bt7n', '--error-file', '/tmp/tmpmzk6jhtb']
[2022-06-07 10:40:56,101] {standard_task_runner.py:77} INFO - Job 430: Subtask log_ifo
[2022-06-07 10:40:56,169] {logging_mixin.py:109} INFO - Running <TaskInstance: todoist_load_to_pg.log_ifo manual__2022-06-07T10:40:51.051363+00:00 [running]> on host bd658c040114
[2022-06-07 10:40:56,228] {taskinstance.py:1429} INFO - Exporting the following env vars:
AIRFLOW_CTX_DAG_OWNER=emil
AIRFLOW_CTX_DAG_ID=todoist_load_to_pg
AIRFLOW_CTX_TASK_ID=log_ifo
AIRFLOW_CTX_EXECUTION_DATE=2022-06-07T10:40:51.051363+00:00
AIRFLOW_CTX_DAG_RUN_ID=manual__2022-06-07T10:40:51.051363+00:00
[2022-06-07 10:40:56,230] {todoist_load_to_pg.py:33} INFO - Hello
[2022-06-07 10:40:56,231] {python.py:175} INFO - Done. Returned value was: None
[2022-06-07 10:40:56,247] {taskinstance.py:1272} INFO - Marking task as SUCCESS. dag_id=todoist_load_to_pg, task_id=log_ifo, execution_date=20220607T104051, start_date=20220607T104056, end_date=20220607T104056
[2022-06-07 10:40:56,312] {local_task_job.py:154} INFO - Task exited with return code 0
[2022-06-07 10:40:56,348] {local_task_job.py:264} INFO - 0 downstream tasks scheduled from follow-on schedule check
