[2022-06-21 11:21:13,163] {taskinstance.py:1037} INFO - Dependencies all met for <TaskInstance: todoist_load_to_pg.json_to_df manual__2022-06-21T11:21:08.367594+00:00 [queued]>
[2022-06-21 11:21:13,177] {taskinstance.py:1037} INFO - Dependencies all met for <TaskInstance: todoist_load_to_pg.json_to_df manual__2022-06-21T11:21:08.367594+00:00 [queued]>
[2022-06-21 11:21:13,178] {taskinstance.py:1243} INFO - 
--------------------------------------------------------------------------------
[2022-06-21 11:21:13,179] {taskinstance.py:1244} INFO - Starting attempt 1 of 1
[2022-06-21 11:21:13,180] {taskinstance.py:1245} INFO - 
--------------------------------------------------------------------------------
[2022-06-21 11:21:13,195] {taskinstance.py:1264} INFO - Executing <Task(PythonOperator): json_to_df> on 2022-06-21 11:21:08.367594+00:00
[2022-06-21 11:21:13,202] {standard_task_runner.py:52} INFO - Started process 110 to run task
[2022-06-21 11:21:13,207] {standard_task_runner.py:76} INFO - Running: ['airflow', 'tasks', 'run', 'todoist_load_to_pg', 'json_to_df', 'manual__2022-06-21T11:21:08.367594+00:00', '--job-id', '495', '--raw', '--subdir', 'DAGS_FOLDER/todoist_load_to_pg.py', '--cfg-path', '/tmp/tmpakkhdlth', '--error-file', '/tmp/tmpwza41ow8']
[2022-06-21 11:21:13,209] {standard_task_runner.py:77} INFO - Job 495: Subtask json_to_df
[2022-06-21 11:21:13,272] {logging_mixin.py:109} INFO - Running <TaskInstance: todoist_load_to_pg.json_to_df manual__2022-06-21T11:21:08.367594+00:00 [running]> on host bd658c040114
[2022-06-21 11:21:13,331] {taskinstance.py:1429} INFO - Exporting the following env vars:
AIRFLOW_CTX_DAG_OWNER=emil
AIRFLOW_CTX_DAG_ID=todoist_load_to_pg
AIRFLOW_CTX_TASK_ID=json_to_df
AIRFLOW_CTX_EXECUTION_DATE=2022-06-21T11:21:08.367594+00:00
AIRFLOW_CTX_DAG_RUN_ID=manual__2022-06-21T11:21:08.367594+00:00
[2022-06-21 11:21:13,370] {todoist_load_to_pg.py:39} INFO -            id  color  ...                                            url  order
0  2266101084     48  ...  https://todoist.com/showProject?id=2266101084    NaN
1  2266102370     31  ...  https://todoist.com/showProject?id=2266102370    1.0
2  2281199547     46  ...  https://todoist.com/showProject?id=2281199547    2.0
3  2276172551     41  ...  https://todoist.com/showProject?id=2276172551    3.0
4  2275765087     33  ...  https://todoist.com/showProject?id=2275765087    4.0
5  2275777802     36  ...  https://todoist.com/showProject?id=2275777802    5.0
6  2275765259     37  ...  https://todoist.com/showProject?id=2275765259    6.0
7  2286290517     34  ...  https://todoist.com/showProject?id=2286290517    7.0
8  2276173208     30  ...  https://todoist.com/showProject?id=2276173208    8.0
9  2281200101     35  ...  https://todoist.com/showProject?id=2281200101    9.0

[10 rows x 10 columns]
[2022-06-21 11:21:13,371] {python.py:175} INFO - Done. Returned value was: None
[2022-06-21 11:21:13,385] {taskinstance.py:1272} INFO - Marking task as SUCCESS. dag_id=todoist_load_to_pg, task_id=json_to_df, execution_date=20220621T112108, start_date=20220621T112113, end_date=20220621T112113
[2022-06-21 11:21:13,421] {local_task_job.py:154} INFO - Task exited with return code 0
[2022-06-21 11:21:13,456] {local_task_job.py:264} INFO - 0 downstream tasks scheduled from follow-on schedule check
