[2022-06-07 13:56:12,816] {taskinstance.py:1037} INFO - Dependencies all met for <TaskInstance: todoist_load_to_pg.task_api_active manual__2022-06-07T13:56:11.851229+00:00 [queued]>
[2022-06-07 13:56:12,830] {taskinstance.py:1037} INFO - Dependencies all met for <TaskInstance: todoist_load_to_pg.task_api_active manual__2022-06-07T13:56:11.851229+00:00 [queued]>
[2022-06-07 13:56:12,831] {taskinstance.py:1243} INFO - 
--------------------------------------------------------------------------------
[2022-06-07 13:56:12,832] {taskinstance.py:1244} INFO - Starting attempt 1 of 1
[2022-06-07 13:56:12,833] {taskinstance.py:1245} INFO - 
--------------------------------------------------------------------------------
[2022-06-07 13:56:12,864] {taskinstance.py:1264} INFO - Executing <Task(HttpSensor): task_api_active> on 2022-06-07 13:56:11.851229+00:00
[2022-06-07 13:56:12,873] {standard_task_runner.py:52} INFO - Started process 228 to run task
[2022-06-07 13:56:12,887] {standard_task_runner.py:76} INFO - Running: ['airflow', 'tasks', 'run', 'todoist_load_to_pg', 'task_api_active', 'manual__2022-06-07T13:56:11.851229+00:00', '--job-id', '464', '--raw', '--subdir', 'DAGS_FOLDER/todoist_load_to_pg.py', '--cfg-path', '/tmp/tmpvx6pkv7a', '--error-file', '/tmp/tmpdqhet6fa']
[2022-06-07 13:56:12,889] {standard_task_runner.py:77} INFO - Job 464: Subtask task_api_active
[2022-06-07 13:56:13,006] {logging_mixin.py:109} INFO - Running <TaskInstance: todoist_load_to_pg.task_api_active manual__2022-06-07T13:56:11.851229+00:00 [running]> on host bd658c040114
[2022-06-07 13:56:13,128] {taskinstance.py:1429} INFO - Exporting the following env vars:
AIRFLOW_CTX_DAG_OWNER=emil
AIRFLOW_CTX_DAG_ID=todoist_load_to_pg
AIRFLOW_CTX_TASK_ID=task_api_active
AIRFLOW_CTX_EXECUTION_DATE=2022-06-07T13:56:11.851229+00:00
AIRFLOW_CTX_DAG_RUN_ID=manual__2022-06-07T13:56:11.851229+00:00
[2022-06-07 13:56:13,129] {http.py:96} INFO - Poking: /projects
[2022-06-07 13:56:13,148] {base.py:70} INFO - Using connection to: id: todo_conn. Host: https://api.todoist.com/rest/v1, Port: None, Schema: https, Login: , Password: ***, extra: {'authorization': '***'}
[2022-06-07 13:56:13,153] {http.py:129} INFO - Sending 'GET' to url: https://api.todoist.com/rest/v1/projects
[2022-06-07 13:56:13,751] {base.py:251} INFO - Success criteria met. Exiting.
[2022-06-07 13:56:13,767] {taskinstance.py:1272} INFO - Marking task as SUCCESS. dag_id=todoist_load_to_pg, task_id=task_api_active, execution_date=20220607T135611, start_date=20220607T135612, end_date=20220607T135613
[2022-06-07 13:56:13,828] {local_task_job.py:154} INFO - Task exited with return code 0
[2022-06-07 13:56:13,874] {local_task_job.py:264} INFO - 1 downstream tasks scheduled from follow-on schedule check
